  [1m[35m (268.4ms)[0m  [1m[35mCREATE DATABASE "list-of-ingredients_development" ENCODING = 'unicode'[0m
  ↳ /Users/dbacher/.rvm/gems/ruby-2.5.1/bin/rake:23
  [1m[35m (267.3ms)[0m  [1m[35mCREATE DATABASE "list-of-ingredients_test" ENCODING = 'unicode'[0m
  ↳ /Users/dbacher/.rvm/gems/ruby-2.5.1/bin/rake:23
  [1m[35m (4.5ms)[0m  [1m[35mCREATE TABLE "schema_migrations" ("version" character varying NOT NULL PRIMARY KEY)[0m
  ↳ bin/rails:9
  [1m[35m (2.4ms)[0m  [1m[35mCREATE TABLE "ar_internal_metadata" ("key" character varying NOT NULL PRIMARY KEY, "value" character varying, "created_at" timestamp NOT NULL, "updated_at" timestamp NOT NULL)[0m
  ↳ bin/rails:9
  [1m[35m (0.3ms)[0m  [1m[34mSELECT pg_try_advisory_lock(2581292838457290405)[0m
  ↳ bin/rails:9
  [1m[35m (0.4ms)[0m  [1m[34mSELECT "schema_migrations"."version" FROM "schema_migrations" ORDER BY "schema_migrations"."version" ASC[0m
  ↳ bin/rails:9
  [1m[36mActiveRecord::InternalMetadata Load (0.3ms)[0m  [1m[34mSELECT  "ar_internal_metadata".* FROM "ar_internal_metadata" WHERE "ar_internal_metadata"."key" = $1 LIMIT $2[0m  [["key", "environment"], ["LIMIT", 1]]
  ↳ bin/rails:9
  [1m[35m (0.1ms)[0m  [1m[35mBEGIN[0m
  ↳ bin/rails:9
  [1m[36mActiveRecord::InternalMetadata Create (0.3ms)[0m  [1m[32mINSERT INTO "ar_internal_metadata" ("key", "value", "created_at", "updated_at") VALUES ($1, $2, $3, $4) RETURNING "key"[0m  [["key", "environment"], ["value", "development"], ["created_at", "2019-02-26 22:20:38.228834"], ["updated_at", "2019-02-26 22:20:38.228834"]]
  ↳ bin/rails:9
  [1m[35m (0.4ms)[0m  [1m[35mCOMMIT[0m
  ↳ bin/rails:9
  [1m[35m (0.2ms)[0m  [1m[34mSELECT pg_advisory_unlock(2581292838457290405)[0m
  ↳ bin/rails:9
  [1m[35m (0.2ms)[0m  [1m[34mSELECT "schema_migrations"."version" FROM "schema_migrations" ORDER BY "schema_migrations"."version" ASC[0m
  ↳ bin/rails:9
  [1m[35m (0.5ms)[0m  [1m[35mCREATE DATABASE "list-of-ingredients_development" ENCODING = 'unicode'[0m
  ↳ /Users/dbacher/.rvm/gems/ruby-2.5.1/bin/rake:23
  [1m[35m (0.4ms)[0m  [1m[35mCREATE DATABASE "list-of-ingredients_test" ENCODING = 'unicode'[0m
  ↳ /Users/dbacher/.rvm/gems/ruby-2.5.1/bin/rake:23
  [1m[35m (0.5ms)[0m  [1m[34mSELECT "schema_migrations"."version" FROM "schema_migrations" ORDER BY "schema_migrations"."version" ASC[0m
  ↳ /Users/dbacher/.rvm/gems/ruby-2.5.1/bin/rake:23
  [1m[35m (0.2ms)[0m  [1m[34mSELECT "schema_migrations"."version" FROM "schema_migrations" ORDER BY "schema_migrations"."version" ASC[0m
  ↳ /Users/dbacher/.rvm/gems/ruby-2.5.1/bin/rake:23
  [1m[35mSQL (0.4ms)[0m  [1m[35mCREATE EXTENSION IF NOT EXISTS "plpgsql"[0m
  ↳ db/schema.rb:16
  [1m[35m (0.5ms)[0m  [1m[34mSELECT "schema_migrations"."version" FROM "schema_migrations" ORDER BY "schema_migrations"."version" ASC[0m
  ↳ db/schema.rb:13
  [1m[35m (0.7ms)[0m  [1m[32mINSERT INTO "schema_migrations" (version) VALUES (0)[0m
  ↳ db/schema.rb:13
  [1m[36mActiveRecord::InternalMetadata Load (0.3ms)[0m  [1m[34mSELECT  "ar_internal_metadata".* FROM "ar_internal_metadata" WHERE "ar_internal_metadata"."key" = $1 LIMIT $2[0m  [["key", "environment"], ["LIMIT", 1]]
  ↳ db/schema.rb:13
  [1m[35m (0.1ms)[0m  [1m[35mBEGIN[0m
  ↳ db/schema.rb:13
  [1m[35m (0.1ms)[0m  [1m[35mCOMMIT[0m
  ↳ db/schema.rb:13
  [1m[36mActiveRecord::InternalMetadata Load (0.2ms)[0m  [1m[34mSELECT  "ar_internal_metadata".* FROM "ar_internal_metadata" WHERE "ar_internal_metadata"."key" = $1 LIMIT $2[0m  [["key", "environment"], ["LIMIT", 1]]
  ↳ /Users/dbacher/.rvm/gems/ruby-2.5.1/bin/rake:23
  [1m[35m (0.1ms)[0m  [1m[35mBEGIN[0m
  ↳ /Users/dbacher/.rvm/gems/ruby-2.5.1/bin/rake:23
  [1m[35m (0.1ms)[0m  [1m[35mCOMMIT[0m
  ↳ /Users/dbacher/.rvm/gems/ruby-2.5.1/bin/rake:23
  [1m[35mSQL (0.3ms)[0m  [1m[35mCREATE EXTENSION IF NOT EXISTS "plpgsql"[0m
  ↳ db/schema.rb:16
  [1m[35m (4.1ms)[0m  [1m[35mCREATE TABLE "schema_migrations" ("version" character varying NOT NULL PRIMARY KEY)[0m
  ↳ db/schema.rb:13
  [1m[35m (0.5ms)[0m  [1m[34mSELECT "schema_migrations"."version" FROM "schema_migrations" ORDER BY "schema_migrations"."version" ASC[0m
  ↳ db/schema.rb:13
  [1m[35m (0.7ms)[0m  [1m[32mINSERT INTO "schema_migrations" (version) VALUES (0)[0m
  ↳ db/schema.rb:13
  [1m[35m (2.3ms)[0m  [1m[35mCREATE TABLE "ar_internal_metadata" ("key" character varying NOT NULL PRIMARY KEY, "value" character varying, "created_at" timestamp NOT NULL, "updated_at" timestamp NOT NULL)[0m
  ↳ db/schema.rb:13
  [1m[36mActiveRecord::InternalMetadata Load (0.3ms)[0m  [1m[34mSELECT  "ar_internal_metadata".* FROM "ar_internal_metadata" WHERE "ar_internal_metadata"."key" = $1 LIMIT $2[0m  [["key", "environment"], ["LIMIT", 1]]
  ↳ db/schema.rb:13
  [1m[35m (0.1ms)[0m  [1m[35mBEGIN[0m
  ↳ db/schema.rb:13
  [1m[36mActiveRecord::InternalMetadata Create (0.3ms)[0m  [1m[32mINSERT INTO "ar_internal_metadata" ("key", "value", "created_at", "updated_at") VALUES ($1, $2, $3, $4) RETURNING "key"[0m  [["key", "environment"], ["value", "development"], ["created_at", "2019-02-26 22:20:41.910702"], ["updated_at", "2019-02-26 22:20:41.910702"]]
  ↳ db/schema.rb:13
  [1m[35m (0.3ms)[0m  [1m[35mCOMMIT[0m
  ↳ db/schema.rb:13
  [1m[36mActiveRecord::InternalMetadata Load (0.2ms)[0m  [1m[34mSELECT  "ar_internal_metadata".* FROM "ar_internal_metadata" WHERE "ar_internal_metadata"."key" = $1 LIMIT $2[0m  [["key", "environment"], ["LIMIT", 1]]
  ↳ /Users/dbacher/.rvm/gems/ruby-2.5.1/bin/rake:23
  [1m[35m (0.1ms)[0m  [1m[35mBEGIN[0m
  ↳ /Users/dbacher/.rvm/gems/ruby-2.5.1/bin/rake:23
  [1m[36mActiveRecord::InternalMetadata Update (0.2ms)[0m  [1m[33mUPDATE "ar_internal_metadata" SET "value" = $1, "updated_at" = $2 WHERE "ar_internal_metadata"."key" = $3[0m  [["value", "test"], ["updated_at", "2019-02-26 22:20:41.913666"], ["key", "environment"]]
  ↳ /Users/dbacher/.rvm/gems/ruby-2.5.1/bin/rake:23
  [1m[35m (0.3ms)[0m  [1m[35mCOMMIT[0m
  ↳ /Users/dbacher/.rvm/gems/ruby-2.5.1/bin/rake:23
  [1m[35m (0.6ms)[0m  [1m[34mSELECT "schema_migrations"."version" FROM "schema_migrations" ORDER BY "schema_migrations"."version" ASC[0m
  ↳ /Users/dbacher/.rvm/gems/ruby-2.5.1/bin/rake:23
Started GET "/" for ::1 at 2019-02-26 16:23:03 -0600
Processing by Rails::WelcomeController#index as HTML
  Rendering /Users/dbacher/.rvm/gems/ruby-2.5.1/gems/railties-5.2.2/lib/rails/templates/rails/welcome/index.html.erb
  Rendered /Users/dbacher/.rvm/gems/ruby-2.5.1/gems/railties-5.2.2/lib/rails/templates/rails/welcome/index.html.erb (3.4ms)
Completed 200 OK in 11ms (Views: 8.9ms | ActiveRecord: 0.0ms)


  [1m[35m (0.2ms)[0m  [1m[34mSELECT pg_try_advisory_lock(2581292838457290405)[0m
  ↳ bin/rake:9
  [1m[35m (0.5ms)[0m  [1m[34mSELECT "schema_migrations"."version" FROM "schema_migrations" ORDER BY "schema_migrations"."version" ASC[0m
  ↳ bin/rake:9
Migrating to DeviseCreateAdminUsers (20190226223156)
  [1m[35m (0.1ms)[0m  [1m[35mBEGIN[0m
  ↳ bin/rake:9
  [1m[35m (4.2ms)[0m  [1m[35mCREATE TABLE "admin_users" ("id" bigserial primary key, "email" character varying DEFAULT '' NOT NULL, "encrypted_password" character varying DEFAULT '' NOT NULL, "reset_password_token" character varying, "reset_password_sent_at" timestamp, "remember_created_at" timestamp, "created_at" timestamp NOT NULL, "updated_at" timestamp NOT NULL)[0m
  ↳ db/migrate/20190226223156_devise_create_admin_users.rb:5
  [1m[35m (0.9ms)[0m  [1m[35mCREATE UNIQUE INDEX  "index_admin_users_on_email" ON "admin_users"  ("email")[0m
  ↳ db/migrate/20190226223156_devise_create_admin_users.rb:39
  [1m[35m (0.7ms)[0m  [1m[35mCREATE UNIQUE INDEX  "index_admin_users_on_reset_password_token" ON "admin_users"  ("reset_password_token")[0m
  ↳ db/migrate/20190226223156_devise_create_admin_users.rb:40
  [1m[36mActiveRecord::SchemaMigration Create (0.3ms)[0m  [1m[32mINSERT INTO "schema_migrations" ("version") VALUES ($1) RETURNING "version"[0m  [["version", "20190226223156"]]
  ↳ bin/rake:9
  [1m[35m (0.7ms)[0m  [1m[35mCOMMIT[0m
  ↳ bin/rake:9
Migrating to CreateActiveAdminComments (20190226223158)
  [1m[35m (0.2ms)[0m  [1m[35mBEGIN[0m
  ↳ bin/rake:9
  [1m[35m (2.4ms)[0m  [1m[35mCREATE TABLE "active_admin_comments" ("id" bigserial primary key, "namespace" character varying, "body" text, "resource_type" character varying, "resource_id" bigint, "author_type" character varying, "author_id" bigint, "created_at" timestamp NOT NULL, "updated_at" timestamp NOT NULL)[0m
  ↳ db/migrate/20190226223158_create_active_admin_comments.rb:3
  [1m[35m (0.8ms)[0m  [1m[35mCREATE  INDEX  "index_active_admin_comments_on_resource_type_and_resource_id" ON "active_admin_comments"  ("resource_type", "resource_id")[0m
  ↳ db/migrate/20190226223158_create_active_admin_comments.rb:3
  [1m[35m (1.0ms)[0m  [1m[35mCREATE  INDEX  "index_active_admin_comments_on_author_type_and_author_id" ON "active_admin_comments"  ("author_type", "author_id")[0m
  ↳ db/migrate/20190226223158_create_active_admin_comments.rb:3
  [1m[35m (0.7ms)[0m  [1m[35mCREATE  INDEX  "index_active_admin_comments_on_namespace" ON "active_admin_comments"  ("namespace")[0m
  ↳ db/migrate/20190226223158_create_active_admin_comments.rb:10
  [1m[36mActiveRecord::SchemaMigration Create (0.2ms)[0m  [1m[32mINSERT INTO "schema_migrations" ("version") VALUES ($1) RETURNING "version"[0m  [["version", "20190226223158"]]
  ↳ bin/rake:9
  [1m[35m (0.4ms)[0m  [1m[35mCOMMIT[0m
  ↳ bin/rake:9
  [1m[36mActiveRecord::InternalMetadata Load (0.3ms)[0m  [1m[34mSELECT  "ar_internal_metadata".* FROM "ar_internal_metadata" WHERE "ar_internal_metadata"."key" = $1 LIMIT $2[0m  [["key", "environment"], ["LIMIT", 1]]
  ↳ bin/rake:9
  [1m[35m (0.1ms)[0m  [1m[35mBEGIN[0m
  ↳ bin/rake:9
  [1m[35m (0.1ms)[0m  [1m[35mCOMMIT[0m
  ↳ bin/rake:9
  [1m[35m (0.1ms)[0m  [1m[34mSELECT pg_advisory_unlock(2581292838457290405)[0m
  ↳ bin/rake:9
  [1m[35m (0.2ms)[0m  [1m[34mSELECT "schema_migrations"."version" FROM "schema_migrations" ORDER BY "schema_migrations"."version" ASC[0m
  ↳ bin/rake:9
  [1m[35m (0.2ms)[0m  [1m[34mSELECT "schema_migrations"."version" FROM "schema_migrations" ORDER BY "schema_migrations"."version" ASC[0m
  ↳ bin/rake:9
  [1m[35m (0.2ms)[0m  [1m[35mBEGIN[0m
  ↳ db/seeds.rb:8
  [1m[36mAdminUser Exists (0.5ms)[0m  [1m[34mSELECT  1 AS one FROM "admin_users" WHERE "admin_users"."email" = $1 LIMIT $2[0m  [["email", "admin@example.com"], ["LIMIT", 1]]
  ↳ db/seeds.rb:8
  [1m[36mAdminUser Create (0.5ms)[0m  [1m[32mINSERT INTO "admin_users" ("email", "encrypted_password", "created_at", "updated_at") VALUES ($1, $2, $3, $4) RETURNING "id"[0m  [["email", "admin@example.com"], ["encrypted_password", "$2a$11$xkZVuesPVIKOM2Q2lO/Bl.auimK7yT1Bq8CFAp5xdRvy0Wz/c9KGG"], ["created_at", "2019-02-26 22:32:46.809674"], ["updated_at", "2019-02-26 22:32:46.809674"]]
  ↳ db/seeds.rb:8
  [1m[35m (0.8ms)[0m  [1m[35mCOMMIT[0m
  ↳ db/seeds.rb:8
Started GET "/" for ::1 at 2019-02-26 16:33:07 -0600
  [1m[35m (0.8ms)[0m  [1m[34mSELECT "schema_migrations"."version" FROM "schema_migrations" ORDER BY "schema_migrations"."version" ASC[0m
  ↳ /Users/dbacher/.rvm/gems/ruby-2.5.1/gems/activerecord-5.2.2/lib/active_record/log_subscriber.rb:98
Processing by Rails::WelcomeController#index as HTML
  Rendering /Users/dbacher/.rvm/gems/ruby-2.5.1/gems/railties-5.2.2/lib/rails/templates/rails/welcome/index.html.erb
  Rendered /Users/dbacher/.rvm/gems/ruby-2.5.1/gems/railties-5.2.2/lib/rails/templates/rails/welcome/index.html.erb (2.7ms)
Completed 200 OK in 10ms (Views: 7.3ms | ActiveRecord: 0.0ms)


Started GET "/admin" for ::1 at 2019-02-26 16:33:07 -0600
Processing by Admin::DashboardController#index as HTML
Completed 401 Unauthorized in 6ms (ActiveRecord: 0.0ms)


Started GET "/admin/login" for ::1 at 2019-02-26 16:33:07 -0600
Processing by ActiveAdmin::Devise::SessionsController#new as HTML
  Rendering /Users/dbacher/.rvm/gems/ruby-2.5.1/gems/activeadmin-1.4.3/app/views/active_admin/devise/sessions/new.html.erb within layouts/active_admin_logged_out
  Rendered /Users/dbacher/.rvm/gems/ruby-2.5.1/gems/activeadmin-1.4.3/app/views/active_admin/devise/shared/_links.erb (0.9ms)
  Rendered /Users/dbacher/.rvm/gems/ruby-2.5.1/gems/activeadmin-1.4.3/app/views/active_admin/devise/sessions/new.html.erb within layouts/active_admin_logged_out (33.2ms)
Completed 200 OK in 3784ms (Views: 3771.2ms | ActiveRecord: 3.3ms)


Started GET "/assets/active_admin-3d89357a1d6dd896ec97b52fceb38306b4c3e4acba034898c74c0c9662f064a8.css" for ::1 at 2019-02-26 16:33:11 -0600
Started GET "/assets/active_admin-e670a4b09c70a1cf0e546e3cc233273ec00d44a2fe841969cac0562998dbec41.js" for ::1 at 2019-02-26 16:33:11 -0600
Started GET "/assets/active_admin/print-d33387f1de894e330984b5ae4a9ced78490aca3a83277bea0074efdca1859e29.css" for ::1 at 2019-02-26 16:33:11 -0600
Started GET "/favicon.ico" for ::1 at 2019-02-26 16:33:11 -0600
  
ActionController::RoutingError (No route matches [GET] "/favicon.ico"):
  
actionpack (5.2.2) lib/action_dispatch/middleware/debug_exceptions.rb:65:in `call'
actionpack (5.2.2) lib/action_dispatch/middleware/show_exceptions.rb:33:in `call'
railties (5.2.2) lib/rails/rack/logger.rb:38:in `call_app'
railties (5.2.2) lib/rails/rack/logger.rb:26:in `block in call'
activesupport (5.2.2) lib/active_support/tagged_logging.rb:71:in `block in tagged'
activesupport (5.2.2) lib/active_support/tagged_logging.rb:28:in `tagged'
activesupport (5.2.2) lib/active_support/tagged_logging.rb:71:in `tagged'
railties (5.2.2) lib/rails/rack/logger.rb:26:in `call'
actionpack (5.2.2) lib/action_dispatch/middleware/remote_ip.rb:81:in `call'
actionpack (5.2.2) lib/action_dispatch/middleware/request_id.rb:27:in `call'
rack (2.0.6) lib/rack/runtime.rb:22:in `call'
activesupport (5.2.2) lib/active_support/cache/strategy/local_cache_middleware.rb:29:in `call'
actionpack (5.2.2) lib/action_dispatch/middleware/executor.rb:14:in `call'
actionpack (5.2.2) lib/action_dispatch/middleware/static.rb:127:in `call'
rack (2.0.6) lib/rack/sendfile.rb:111:in `call'
railties (5.2.2) lib/rails/engine.rb:524:in `call'
puma (3.12.0) lib/puma/configuration.rb:225:in `call'
puma (3.12.0) lib/puma/server.rb:658:in `handle_request'
puma (3.12.0) lib/puma/server.rb:472:in `process_client'
puma (3.12.0) lib/puma/server.rb:332:in `block in run'
puma (3.12.0) lib/puma/thread_pool.rb:133:in `block in spawn_thread'
Started POST "/admin/login" for ::1 at 2019-02-26 16:33:42 -0600
Processing by ActiveAdmin::Devise::SessionsController#create as HTML
  Parameters: {"utf8"=>"✓", "authenticity_token"=>"TkIN20yFc7BiLZC+J++xHHRyWFll8Jjr107UbAUXgvCekA7OLRs9NDffV5ve5eC/gtvp8KYZWD1garuy7Ekm0A==", "admin_user"=>{"email"=>"admin@example.com", "password"=>"[FILTERED]", "remember_me"=>"0"}, "commit"=>"Login"}
  [1m[36mAdminUser Load (1.3ms)[0m  [1m[34mSELECT  "admin_users".* FROM "admin_users" WHERE "admin_users"."email" = $1 ORDER BY "admin_users"."id" ASC LIMIT $2[0m  [["email", "admin@example.com"], ["LIMIT", 1]]
  ↳ /Users/dbacher/.rvm/gems/ruby-2.5.1/gems/activerecord-5.2.2/lib/active_record/log_subscriber.rb:98
Redirected to http://localhost:3001/admin
Completed 302 Found in 155ms (ActiveRecord: 3.9ms)


Started GET "/admin" for ::1 at 2019-02-26 16:33:42 -0600
Processing by Admin::DashboardController#index as HTML
  [1m[36mAdminUser Load (0.3ms)[0m  [1m[34mSELECT  "admin_users".* FROM "admin_users" WHERE "admin_users"."id" = $1 ORDER BY "admin_users"."id" ASC LIMIT $2[0m  [["id", 1], ["LIMIT", 1]]
  ↳ /Users/dbacher/.rvm/gems/ruby-2.5.1/gems/activerecord-5.2.2/lib/active_record/log_subscriber.rb:98
  Rendering /Users/dbacher/.rvm/gems/ruby-2.5.1/gems/activeadmin-1.4.3/app/views/active_admin/page/index.html.arb
  Rendered /Users/dbacher/.rvm/gems/ruby-2.5.1/gems/activeadmin-1.4.3/app/views/active_admin/page/index.html.arb (22.7ms)
Completed 200 OK in 31ms (Views: 26.8ms | ActiveRecord: 0.3ms)


Started GET "/favicon.ico" for ::1 at 2019-02-26 16:33:42 -0600
  
ActionController::RoutingError (No route matches [GET] "/favicon.ico"):
  
actionpack (5.2.2) lib/action_dispatch/middleware/debug_exceptions.rb:65:in `call'
actionpack (5.2.2) lib/action_dispatch/middleware/show_exceptions.rb:33:in `call'
railties (5.2.2) lib/rails/rack/logger.rb:38:in `call_app'
railties (5.2.2) lib/rails/rack/logger.rb:26:in `block in call'
activesupport (5.2.2) lib/active_support/tagged_logging.rb:71:in `block in tagged'
activesupport (5.2.2) lib/active_support/tagged_logging.rb:28:in `tagged'
activesupport (5.2.2) lib/active_support/tagged_logging.rb:71:in `tagged'
railties (5.2.2) lib/rails/rack/logger.rb:26:in `call'
actionpack (5.2.2) lib/action_dispatch/middleware/remote_ip.rb:81:in `call'
actionpack (5.2.2) lib/action_dispatch/middleware/request_id.rb:27:in `call'
rack (2.0.6) lib/rack/runtime.rb:22:in `call'
activesupport (5.2.2) lib/active_support/cache/strategy/local_cache_middleware.rb:29:in `call'
actionpack (5.2.2) lib/action_dispatch/middleware/executor.rb:14:in `call'
actionpack (5.2.2) lib/action_dispatch/middleware/static.rb:127:in `call'
rack (2.0.6) lib/rack/sendfile.rb:111:in `call'
railties (5.2.2) lib/rails/engine.rb:524:in `call'
puma (3.12.0) lib/puma/configuration.rb:225:in `call'
puma (3.12.0) lib/puma/server.rb:658:in `handle_request'
puma (3.12.0) lib/puma/server.rb:472:in `process_client'
puma (3.12.0) lib/puma/server.rb:332:in `block in run'
puma (3.12.0) lib/puma/thread_pool.rb:133:in `block in spawn_thread'
Started GET "/admin/dashboard" for ::1 at 2019-02-26 16:33:53 -0600
Processing by Admin::DashboardController#index as HTML
  [1m[36mAdminUser Load (0.4ms)[0m  [1m[34mSELECT  "admin_users".* FROM "admin_users" WHERE "admin_users"."id" = $1 ORDER BY "admin_users"."id" ASC LIMIT $2[0m  [["id", 1], ["LIMIT", 1]]
  ↳ /Users/dbacher/.rvm/gems/ruby-2.5.1/gems/activerecord-5.2.2/lib/active_record/log_subscriber.rb:98
  Rendering /Users/dbacher/.rvm/gems/ruby-2.5.1/gems/activeadmin-1.4.3/app/views/active_admin/page/index.html.arb
  Rendered /Users/dbacher/.rvm/gems/ruby-2.5.1/gems/activeadmin-1.4.3/app/views/active_admin/page/index.html.arb (19.6ms)
Completed 200 OK in 25ms (Views: 23.1ms | ActiveRecord: 0.4ms)


Started GET "/favicon.ico" for ::1 at 2019-02-26 16:33:53 -0600
  
ActionController::RoutingError (No route matches [GET] "/favicon.ico"):
  
actionpack (5.2.2) lib/action_dispatch/middleware/debug_exceptions.rb:65:in `call'
actionpack (5.2.2) lib/action_dispatch/middleware/show_exceptions.rb:33:in `call'
railties (5.2.2) lib/rails/rack/logger.rb:38:in `call_app'
railties (5.2.2) lib/rails/rack/logger.rb:26:in `block in call'
activesupport (5.2.2) lib/active_support/tagged_logging.rb:71:in `block in tagged'
activesupport (5.2.2) lib/active_support/tagged_logging.rb:28:in `tagged'
activesupport (5.2.2) lib/active_support/tagged_logging.rb:71:in `tagged'
railties (5.2.2) lib/rails/rack/logger.rb:26:in `call'
actionpack (5.2.2) lib/action_dispatch/middleware/remote_ip.rb:81:in `call'
actionpack (5.2.2) lib/action_dispatch/middleware/request_id.rb:27:in `call'
rack (2.0.6) lib/rack/runtime.rb:22:in `call'
activesupport (5.2.2) lib/active_support/cache/strategy/local_cache_middleware.rb:29:in `call'
actionpack (5.2.2) lib/action_dispatch/middleware/executor.rb:14:in `call'
actionpack (5.2.2) lib/action_dispatch/middleware/static.rb:127:in `call'
rack (2.0.6) lib/rack/sendfile.rb:111:in `call'
railties (5.2.2) lib/rails/engine.rb:524:in `call'
puma (3.12.0) lib/puma/configuration.rb:225:in `call'
puma (3.12.0) lib/puma/server.rb:658:in `handle_request'
puma (3.12.0) lib/puma/server.rb:472:in `process_client'
puma (3.12.0) lib/puma/server.rb:332:in `block in run'
puma (3.12.0) lib/puma/thread_pool.rb:133:in `block in spawn_thread'
Started GET "/admin/admin_users" for ::1 at 2019-02-26 16:33:55 -0600
Processing by Admin::AdminUsersController#index as HTML
  [1m[36mAdminUser Load (0.3ms)[0m  [1m[34mSELECT  "admin_users".* FROM "admin_users" WHERE "admin_users"."id" = $1 ORDER BY "admin_users"."id" ASC LIMIT $2[0m  [["id", 1], ["LIMIT", 1]]
  ↳ /Users/dbacher/.rvm/gems/ruby-2.5.1/gems/activerecord-5.2.2/lib/active_record/log_subscriber.rb:98
  Rendering /Users/dbacher/.rvm/gems/ruby-2.5.1/gems/activeadmin-1.4.3/app/views/active_admin/resource/index.html.arb
  [1m[35m (0.5ms)[0m  [1m[34mSELECT COUNT(*) FROM (SELECT  1 AS one FROM "admin_users" LIMIT $1 OFFSET $2) subquery_for_count[0m  [["LIMIT", 30], ["OFFSET", 0]]
  ↳ /Users/dbacher/.rvm/gems/ruby-2.5.1/gems/activerecord-5.2.2/lib/active_record/log_subscriber.rb:98
  [1m[35mCACHE  (0.0ms)[0m  [1m[34mSELECT COUNT(*) FROM (SELECT  1 AS one FROM "admin_users" LIMIT $1 OFFSET $2) subquery_for_count[0m  [["LIMIT", 30], ["OFFSET", 0]]
  ↳ /Users/dbacher/.rvm/gems/ruby-2.5.1/gems/activerecord-5.2.2/lib/active_record/log_subscriber.rb:98
  [1m[35m (0.3ms)[0m  [1m[34mSELECT COUNT(*) FROM "admin_users"[0m
  ↳ /Users/dbacher/.rvm/gems/ruby-2.5.1/gems/activerecord-5.2.2/lib/active_record/log_subscriber.rb:98
  [1m[35mCACHE  (0.0ms)[0m  [1m[34mSELECT COUNT(*) FROM (SELECT  1 AS one FROM "admin_users" LIMIT $1 OFFSET $2) subquery_for_count[0m  [["LIMIT", 30], ["OFFSET", 0]]
  ↳ /Users/dbacher/.rvm/gems/ruby-2.5.1/gems/activerecord-5.2.2/lib/active_record/log_subscriber.rb:98
  [1m[36mAdminUser Load (0.4ms)[0m  [1m[34mSELECT  "admin_users".* FROM "admin_users" ORDER BY "admin_users"."id" desc LIMIT $1 OFFSET $2[0m  [["LIMIT", 30], ["OFFSET", 0]]
  ↳ /Users/dbacher/.rvm/gems/ruby-2.5.1/gems/activerecord-5.2.2/lib/active_record/log_subscriber.rb:98
  Rendered /Users/dbacher/.rvm/gems/ruby-2.5.1/gems/activeadmin-1.4.3/app/views/active_admin/resource/index.html.arb (64.9ms)
Completed 200 OK in 83ms (Views: 74.1ms | ActiveRecord: 1.4ms)


Started GET "/assets/active_admin/orderable-29374dbb55b0012d78a37c614d573bb3474f0779849b478a147d0f1845ca6617.png" for ::1 at 2019-02-26 16:33:55 -0600
Started GET "/favicon.ico" for ::1 at 2019-02-26 16:33:55 -0600
  
ActionController::RoutingError (No route matches [GET] "/favicon.ico"):
  
actionpack (5.2.2) lib/action_dispatch/middleware/debug_exceptions.rb:65:in `call'
actionpack (5.2.2) lib/action_dispatch/middleware/show_exceptions.rb:33:in `call'
railties (5.2.2) lib/rails/rack/logger.rb:38:in `call_app'
railties (5.2.2) lib/rails/rack/logger.rb:26:in `block in call'
activesupport (5.2.2) lib/active_support/tagged_logging.rb:71:in `block in tagged'
activesupport (5.2.2) lib/active_support/tagged_logging.rb:28:in `tagged'
activesupport (5.2.2) lib/active_support/tagged_logging.rb:71:in `tagged'
railties (5.2.2) lib/rails/rack/logger.rb:26:in `call'
actionpack (5.2.2) lib/action_dispatch/middleware/remote_ip.rb:81:in `call'
actionpack (5.2.2) lib/action_dispatch/middleware/request_id.rb:27:in `call'
rack (2.0.6) lib/rack/runtime.rb:22:in `call'
activesupport (5.2.2) lib/active_support/cache/strategy/local_cache_middleware.rb:29:in `call'
actionpack (5.2.2) lib/action_dispatch/middleware/executor.rb:14:in `call'
actionpack (5.2.2) lib/action_dispatch/middleware/static.rb:127:in `call'
rack (2.0.6) lib/rack/sendfile.rb:111:in `call'
railties (5.2.2) lib/rails/engine.rb:524:in `call'
puma (3.12.0) lib/puma/configuration.rb:225:in `call'
puma (3.12.0) lib/puma/server.rb:658:in `handle_request'
puma (3.12.0) lib/puma/server.rb:472:in `process_client'
puma (3.12.0) lib/puma/server.rb:332:in `block in run'
puma (3.12.0) lib/puma/thread_pool.rb:133:in `block in spawn_thread'
Started GET "/admin/admin_users/new" for ::1 at 2019-02-26 16:34:15 -0600
Processing by Admin::AdminUsersController#new as HTML
  [1m[36mAdminUser Load (0.3ms)[0m  [1m[34mSELECT  "admin_users".* FROM "admin_users" WHERE "admin_users"."id" = $1 ORDER BY "admin_users"."id" ASC LIMIT $2[0m  [["id", 1], ["LIMIT", 1]]
  ↳ /Users/dbacher/.rvm/gems/ruby-2.5.1/gems/activerecord-5.2.2/lib/active_record/log_subscriber.rb:98
  Rendering /Users/dbacher/.rvm/gems/ruby-2.5.1/gems/activeadmin-1.4.3/app/views/active_admin/resource/new.html.arb
  Rendered /Users/dbacher/.rvm/gems/ruby-2.5.1/gems/activeadmin-1.4.3/app/views/active_admin/resource/new.html.arb (38.3ms)
Completed 200 OK in 51ms (Views: 47.7ms | ActiveRecord: 0.3ms)


Started GET "/favicon.ico" for ::1 at 2019-02-26 16:34:15 -0600
  
ActionController::RoutingError (No route matches [GET] "/favicon.ico"):
  
actionpack (5.2.2) lib/action_dispatch/middleware/debug_exceptions.rb:65:in `call'
actionpack (5.2.2) lib/action_dispatch/middleware/show_exceptions.rb:33:in `call'
railties (5.2.2) lib/rails/rack/logger.rb:38:in `call_app'
railties (5.2.2) lib/rails/rack/logger.rb:26:in `block in call'
activesupport (5.2.2) lib/active_support/tagged_logging.rb:71:in `block in tagged'
activesupport (5.2.2) lib/active_support/tagged_logging.rb:28:in `tagged'
activesupport (5.2.2) lib/active_support/tagged_logging.rb:71:in `tagged'
railties (5.2.2) lib/rails/rack/logger.rb:26:in `call'
actionpack (5.2.2) lib/action_dispatch/middleware/remote_ip.rb:81:in `call'
actionpack (5.2.2) lib/action_dispatch/middleware/request_id.rb:27:in `call'
rack (2.0.6) lib/rack/runtime.rb:22:in `call'
activesupport (5.2.2) lib/active_support/cache/strategy/local_cache_middleware.rb:29:in `call'
actionpack (5.2.2) lib/action_dispatch/middleware/executor.rb:14:in `call'
actionpack (5.2.2) lib/action_dispatch/middleware/static.rb:127:in `call'
rack (2.0.6) lib/rack/sendfile.rb:111:in `call'
railties (5.2.2) lib/rails/engine.rb:524:in `call'
puma (3.12.0) lib/puma/configuration.rb:225:in `call'
puma (3.12.0) lib/puma/server.rb:658:in `handle_request'
puma (3.12.0) lib/puma/server.rb:472:in `process_client'
puma (3.12.0) lib/puma/server.rb:332:in `block in run'
puma (3.12.0) lib/puma/thread_pool.rb:133:in `block in spawn_thread'
Started POST "/admin/admin_users" for ::1 at 2019-02-26 16:34:38 -0600
Processing by Admin::AdminUsersController#create as HTML
  Parameters: {"utf8"=>"✓", "authenticity_token"=>"SXElGzbiNq2zoMHhljQ0J0pAXJwVutY0vBpUUTItztvROv5w4A037y81i/grsEKNbZZnZZ4/NN/gkoAyelcIOg==", "admin_user"=>{"email"=>"dwbacher@gmail.com", "password"=>"[FILTERED]", "password_confirmation"=>"[FILTERED]"}, "commit"=>"Create Admin user"}
  [1m[36mAdminUser Load (0.4ms)[0m  [1m[34mSELECT  "admin_users".* FROM "admin_users" WHERE "admin_users"."id" = $1 ORDER BY "admin_users"."id" ASC LIMIT $2[0m  [["id", 1], ["LIMIT", 1]]
  ↳ /Users/dbacher/.rvm/gems/ruby-2.5.1/gems/activerecord-5.2.2/lib/active_record/log_subscriber.rb:98
  [1m[35m (0.2ms)[0m  [1m[35mBEGIN[0m
  ↳ /Users/dbacher/.rvm/gems/ruby-2.5.1/gems/activerecord-5.2.2/lib/active_record/log_subscriber.rb:98
  [1m[36mAdminUser Exists (0.3ms)[0m  [1m[34mSELECT  1 AS one FROM "admin_users" WHERE "admin_users"."email" = $1 LIMIT $2[0m  [["email", "dwbacher@gmail.com"], ["LIMIT", 1]]
  ↳ /Users/dbacher/.rvm/gems/ruby-2.5.1/gems/activerecord-5.2.2/lib/active_record/log_subscriber.rb:98
  [1m[36mAdminUser Create (0.4ms)[0m  [1m[32mINSERT INTO "admin_users" ("email", "encrypted_password", "created_at", "updated_at") VALUES ($1, $2, $3, $4) RETURNING "id"[0m  [["email", "dwbacher@gmail.com"], ["encrypted_password", "$2a$11$5hcAUc4/JcRETr6RmNcrteaM.5hV5vwpanIV3wEeDf6uD7n7B3Ywq"], ["created_at", "2019-02-26 22:34:38.454006"], ["updated_at", "2019-02-26 22:34:38.454006"]]
  ↳ /Users/dbacher/.rvm/gems/ruby-2.5.1/gems/activerecord-5.2.2/lib/active_record/log_subscriber.rb:98
  [1m[35m (1.1ms)[0m  [1m[35mCOMMIT[0m
  ↳ /Users/dbacher/.rvm/gems/ruby-2.5.1/gems/activerecord-5.2.2/lib/active_record/log_subscriber.rb:98
Redirected to http://localhost:3001/admin/admin_users/2
Completed 302 Found in 157ms (ActiveRecord: 2.3ms)


Started GET "/admin/admin_users/2" for ::1 at 2019-02-26 16:34:38 -0600
Processing by Admin::AdminUsersController#show as HTML
  Parameters: {"id"=>"2"}
  [1m[36mAdminUser Load (0.3ms)[0m  [1m[34mSELECT  "admin_users".* FROM "admin_users" WHERE "admin_users"."id" = $1 ORDER BY "admin_users"."id" ASC LIMIT $2[0m  [["id", 1], ["LIMIT", 1]]
  ↳ /Users/dbacher/.rvm/gems/ruby-2.5.1/gems/activerecord-5.2.2/lib/active_record/log_subscriber.rb:98
  [1m[36mAdminUser Load (0.2ms)[0m  [1m[34mSELECT  "admin_users".* FROM "admin_users" WHERE "admin_users"."id" = $1 LIMIT $2[0m  [["id", 2], ["LIMIT", 1]]
  ↳ /Users/dbacher/.rvm/gems/ruby-2.5.1/gems/activerecord-5.2.2/lib/active_record/log_subscriber.rb:98
  Rendering /Users/dbacher/.rvm/gems/ruby-2.5.1/gems/activeadmin-1.4.3/app/views/active_admin/resource/show.html.arb
  [1m[35m (0.7ms)[0m  [1m[34mSELECT COUNT(*) FROM "active_admin_comments" WHERE "active_admin_comments"."resource_type" = $1 AND "active_admin_comments"."resource_id" = $2 AND "active_admin_comments"."namespace" = $3[0m  [["resource_type", "AdminUser"], ["resource_id", 2], ["namespace", "admin"]]
  ↳ /Users/dbacher/.rvm/gems/ruby-2.5.1/gems/activerecord-5.2.2/lib/active_record/log_subscriber.rb:98
  [1m[36mActiveAdmin::Comment Exists (0.2ms)[0m  [1m[34mSELECT  1 AS one FROM "active_admin_comments" WHERE "active_admin_comments"."resource_type" = $1 AND "active_admin_comments"."resource_id" = $2 AND "active_admin_comments"."namespace" = $3 LIMIT $4 OFFSET $5[0m  [["resource_type", "AdminUser"], ["resource_id", 2], ["namespace", "admin"], ["LIMIT", 1], ["OFFSET", 0]]
  ↳ /Users/dbacher/.rvm/gems/ruby-2.5.1/gems/activerecord-5.2.2/lib/active_record/log_subscriber.rb:98
  Rendered /Users/dbacher/.rvm/gems/ruby-2.5.1/gems/activeadmin-1.4.3/app/views/active_admin/resource/show.html.arb (71.2ms)
Completed 200 OK in 84ms (Views: 74.9ms | ActiveRecord: 5.4ms)


Started GET "/favicon.ico" for ::1 at 2019-02-26 16:34:38 -0600
  
ActionController::RoutingError (No route matches [GET] "/favicon.ico"):
  
actionpack (5.2.2) lib/action_dispatch/middleware/debug_exceptions.rb:65:in `call'
actionpack (5.2.2) lib/action_dispatch/middleware/show_exceptions.rb:33:in `call'
railties (5.2.2) lib/rails/rack/logger.rb:38:in `call_app'
railties (5.2.2) lib/rails/rack/logger.rb:26:in `block in call'
activesupport (5.2.2) lib/active_support/tagged_logging.rb:71:in `block in tagged'
activesupport (5.2.2) lib/active_support/tagged_logging.rb:28:in `tagged'
activesupport (5.2.2) lib/active_support/tagged_logging.rb:71:in `tagged'
railties (5.2.2) lib/rails/rack/logger.rb:26:in `call'
actionpack (5.2.2) lib/action_dispatch/middleware/remote_ip.rb:81:in `call'
actionpack (5.2.2) lib/action_dispatch/middleware/request_id.rb:27:in `call'
rack (2.0.6) lib/rack/runtime.rb:22:in `call'
activesupport (5.2.2) lib/active_support/cache/strategy/local_cache_middleware.rb:29:in `call'
actionpack (5.2.2) lib/action_dispatch/middleware/executor.rb:14:in `call'
actionpack (5.2.2) lib/action_dispatch/middleware/static.rb:127:in `call'
rack (2.0.6) lib/rack/sendfile.rb:111:in `call'
railties (5.2.2) lib/rails/engine.rb:524:in `call'
puma (3.12.0) lib/puma/configuration.rb:225:in `call'
puma (3.12.0) lib/puma/server.rb:658:in `handle_request'
puma (3.12.0) lib/puma/server.rb:472:in `process_client'
puma (3.12.0) lib/puma/server.rb:332:in `block in run'
puma (3.12.0) lib/puma/thread_pool.rb:133:in `block in spawn_thread'
Started GET "/admin/comments" for ::1 at 2019-02-26 16:34:58 -0600
Processing by Admin::CommentsController#index as HTML
  [1m[36mAdminUser Load (0.3ms)[0m  [1m[34mSELECT  "admin_users".* FROM "admin_users" WHERE "admin_users"."id" = $1 ORDER BY "admin_users"."id" ASC LIMIT $2[0m  [["id", 1], ["LIMIT", 1]]
  ↳ /Users/dbacher/.rvm/gems/ruby-2.5.1/gems/activerecord-5.2.2/lib/active_record/log_subscriber.rb:98
  Rendering /Users/dbacher/.rvm/gems/ruby-2.5.1/gems/activeadmin-1.4.3/app/views/active_admin/resource/index.html.arb
  [1m[35m (0.4ms)[0m  [1m[34mSELECT COUNT(*) FROM "active_admin_comments" WHERE "active_admin_comments"."namespace" = $1[0m  [["namespace", "admin"]]
  ↳ /Users/dbacher/.rvm/gems/ruby-2.5.1/gems/activerecord-5.2.2/lib/active_record/log_subscriber.rb:98
  [1m[35m (0.3ms)[0m  [1m[34mSELECT COUNT(*) FROM (SELECT  1 AS one FROM "active_admin_comments" WHERE "active_admin_comments"."namespace" = $1 LIMIT $2 OFFSET $3) subquery_for_count[0m  [["namespace", "admin"], ["LIMIT", 30], ["OFFSET", 0]]
  ↳ /Users/dbacher/.rvm/gems/ruby-2.5.1/gems/activerecord-5.2.2/lib/active_record/log_subscriber.rb:98
  [1m[35m (0.5ms)[0m  [1m[34mSELECT DISTINCT "active_admin_comments"."resource_type" FROM "active_admin_comments" ORDER BY resource_type asc[0m
  ↳ /Users/dbacher/.rvm/gems/ruby-2.5.1/gems/activerecord-5.2.2/lib/active_record/log_subscriber.rb:98
  [1m[35m (0.3ms)[0m  [1m[34mSELECT DISTINCT "active_admin_comments"."author_type" FROM "active_admin_comments" ORDER BY author_type asc[0m
  ↳ /Users/dbacher/.rvm/gems/ruby-2.5.1/gems/activerecord-5.2.2/lib/active_record/log_subscriber.rb:98
  Rendered /Users/dbacher/.rvm/gems/ruby-2.5.1/gems/activeadmin-1.4.3/app/views/active_admin/resource/index.html.arb (38.6ms)
Completed 200 OK in 50ms (Views: 45.8ms | ActiveRecord: 1.8ms)


Started GET "/favicon.ico" for ::1 at 2019-02-26 16:34:59 -0600
  
ActionController::RoutingError (No route matches [GET] "/favicon.ico"):
  
actionpack (5.2.2) lib/action_dispatch/middleware/debug_exceptions.rb:65:in `call'
actionpack (5.2.2) lib/action_dispatch/middleware/show_exceptions.rb:33:in `call'
railties (5.2.2) lib/rails/rack/logger.rb:38:in `call_app'
railties (5.2.2) lib/rails/rack/logger.rb:26:in `block in call'
activesupport (5.2.2) lib/active_support/tagged_logging.rb:71:in `block in tagged'
activesupport (5.2.2) lib/active_support/tagged_logging.rb:28:in `tagged'
activesupport (5.2.2) lib/active_support/tagged_logging.rb:71:in `tagged'
railties (5.2.2) lib/rails/rack/logger.rb:26:in `call'
actionpack (5.2.2) lib/action_dispatch/middleware/remote_ip.rb:81:in `call'
actionpack (5.2.2) lib/action_dispatch/middleware/request_id.rb:27:in `call'
rack (2.0.6) lib/rack/runtime.rb:22:in `call'
activesupport (5.2.2) lib/active_support/cache/strategy/local_cache_middleware.rb:29:in `call'
actionpack (5.2.2) lib/action_dispatch/middleware/executor.rb:14:in `call'
actionpack (5.2.2) lib/action_dispatch/middleware/static.rb:127:in `call'
rack (2.0.6) lib/rack/sendfile.rb:111:in `call'
railties (5.2.2) lib/rails/engine.rb:524:in `call'
puma (3.12.0) lib/puma/configuration.rb:225:in `call'
puma (3.12.0) lib/puma/server.rb:658:in `handle_request'
puma (3.12.0) lib/puma/server.rb:472:in `process_client'
puma (3.12.0) lib/puma/server.rb:332:in `block in run'
puma (3.12.0) lib/puma/thread_pool.rb:133:in `block in spawn_thread'
Started GET "/admin/admin_users" for ::1 at 2019-02-26 16:35:03 -0600
Processing by Admin::AdminUsersController#index as HTML
  [1m[36mAdminUser Load (0.3ms)[0m  [1m[34mSELECT  "admin_users".* FROM "admin_users" WHERE "admin_users"."id" = $1 ORDER BY "admin_users"."id" ASC LIMIT $2[0m  [["id", 1], ["LIMIT", 1]]
  ↳ /Users/dbacher/.rvm/gems/ruby-2.5.1/gems/activerecord-5.2.2/lib/active_record/log_subscriber.rb:98
  Rendering /Users/dbacher/.rvm/gems/ruby-2.5.1/gems/activeadmin-1.4.3/app/views/active_admin/resource/index.html.arb
  [1m[35m (0.3ms)[0m  [1m[34mSELECT COUNT(*) FROM (SELECT  1 AS one FROM "admin_users" LIMIT $1 OFFSET $2) subquery_for_count[0m  [["LIMIT", 30], ["OFFSET", 0]]
  ↳ /Users/dbacher/.rvm/gems/ruby-2.5.1/gems/activerecord-5.2.2/lib/active_record/log_subscriber.rb:98
  [1m[35mCACHE  (0.0ms)[0m  [1m[34mSELECT COUNT(*) FROM (SELECT  1 AS one FROM "admin_users" LIMIT $1 OFFSET $2) subquery_for_count[0m  [["LIMIT", 30], ["OFFSET", 0]]
  ↳ /Users/dbacher/.rvm/gems/ruby-2.5.1/gems/activerecord-5.2.2/lib/active_record/log_subscriber.rb:98
  [1m[35m (0.3ms)[0m  [1m[34mSELECT COUNT(*) FROM "admin_users"[0m
  ↳ /Users/dbacher/.rvm/gems/ruby-2.5.1/gems/activerecord-5.2.2/lib/active_record/log_subscriber.rb:98
  [1m[35mCACHE  (0.0ms)[0m  [1m[34mSELECT COUNT(*) FROM (SELECT  1 AS one FROM "admin_users" LIMIT $1 OFFSET $2) subquery_for_count[0m  [["LIMIT", 30], ["OFFSET", 0]]
  ↳ /Users/dbacher/.rvm/gems/ruby-2.5.1/gems/activerecord-5.2.2/lib/active_record/log_subscriber.rb:98
  [1m[36mAdminUser Load (0.3ms)[0m  [1m[34mSELECT  "admin_users".* FROM "admin_users" ORDER BY "admin_users"."id" desc LIMIT $1 OFFSET $2[0m  [["LIMIT", 30], ["OFFSET", 0]]
  ↳ /Users/dbacher/.rvm/gems/ruby-2.5.1/gems/activerecord-5.2.2/lib/active_record/log_subscriber.rb:98
  Rendered /Users/dbacher/.rvm/gems/ruby-2.5.1/gems/activeadmin-1.4.3/app/views/active_admin/resource/index.html.arb (39.0ms)
Completed 200 OK in 50ms (Views: 47.2ms | ActiveRecord: 1.3ms)


Started GET "/admin/dashboard" for ::1 at 2019-02-26 16:35:06 -0600
Processing by Admin::DashboardController#index as HTML
  [1m[36mAdminUser Load (0.3ms)[0m  [1m[34mSELECT  "admin_users".* FROM "admin_users" WHERE "admin_users"."id" = $1 ORDER BY "admin_users"."id" ASC LIMIT $2[0m  [["id", 1], ["LIMIT", 1]]
  ↳ /Users/dbacher/.rvm/gems/ruby-2.5.1/gems/activerecord-5.2.2/lib/active_record/log_subscriber.rb:98
  Rendering /Users/dbacher/.rvm/gems/ruby-2.5.1/gems/activeadmin-1.4.3/app/views/active_admin/page/index.html.arb
  Rendered /Users/dbacher/.rvm/gems/ruby-2.5.1/gems/activeadmin-1.4.3/app/views/active_admin/page/index.html.arb (17.0ms)
Completed 200 OK in 22ms (Views: 20.3ms | ActiveRecord: 0.3ms)


  [1m[35m (0.2ms)[0m  [1m[34mSELECT pg_try_advisory_lock(2581292838457290405)[0m
  ↳ bin/rake:9
  [1m[35m (0.9ms)[0m  [1m[34mSELECT "schema_migrations"."version" FROM "schema_migrations" ORDER BY "schema_migrations"."version" ASC[0m
  ↳ bin/rake:9
Migrating to CreateDrinks (20190226224915)
  [1m[35m (0.2ms)[0m  [1m[35mBEGIN[0m
  ↳ bin/rake:9
  [1m[35m (4.9ms)[0m  [1m[35mCREATE TABLE "drinks" ("id" bigserial primary key, "title" character varying, "description" character varying, "steps" character varying, "source" character varying, "created_at" timestamp NOT NULL, "updated_at" timestamp NOT NULL)[0m
  ↳ db/migrate/20190226224915_create_drinks.rb:3
  [1m[36mActiveRecord::SchemaMigration Create (0.4ms)[0m  [1m[32mINSERT INTO "schema_migrations" ("version") VALUES ($1) RETURNING "version"[0m  [["version", "20190226224915"]]
  ↳ bin/rake:9
  [1m[35m (0.6ms)[0m  [1m[35mCOMMIT[0m
  ↳ bin/rake:9
Migrating to CreateIngredients (20190226224929)
  [1m[35m (0.2ms)[0m  [1m[35mBEGIN[0m
  ↳ bin/rake:9
  [1m[35m (6.3ms)[0m  [1m[35mCREATE TABLE "ingredients" ("id" bigserial primary key, "drink_id" bigint, "description" character varying, "created_at" timestamp NOT NULL, "updated_at" timestamp NOT NULL, CONSTRAINT "fk_rails_70120bc807"
FOREIGN KEY ("drink_id")
  REFERENCES "drinks" ("id")
)[0m
  ↳ db/migrate/20190226224929_create_ingredients.rb:3
  [1m[35m (1.3ms)[0m  [1m[35mCREATE  INDEX  "index_ingredients_on_drink_id" ON "ingredients"  ("drink_id")[0m
  ↳ db/migrate/20190226224929_create_ingredients.rb:3
  [1m[36mActiveRecord::SchemaMigration Create (0.3ms)[0m  [1m[32mINSERT INTO "schema_migrations" ("version") VALUES ($1) RETURNING "version"[0m  [["version", "20190226224929"]]
  ↳ bin/rake:9
  [1m[35m (0.5ms)[0m  [1m[35mCOMMIT[0m
  ↳ bin/rake:9
  [1m[36mActiveRecord::InternalMetadata Load (0.4ms)[0m  [1m[34mSELECT  "ar_internal_metadata".* FROM "ar_internal_metadata" WHERE "ar_internal_metadata"."key" = $1 LIMIT $2[0m  [["key", "environment"], ["LIMIT", 1]]
  ↳ bin/rake:9
  [1m[35m (0.1ms)[0m  [1m[35mBEGIN[0m
  ↳ bin/rake:9
  [1m[35m (0.1ms)[0m  [1m[35mCOMMIT[0m
  ↳ bin/rake:9
  [1m[35m (0.2ms)[0m  [1m[34mSELECT pg_advisory_unlock(2581292838457290405)[0m
  ↳ bin/rake:9
  [1m[35m (0.2ms)[0m  [1m[34mSELECT "schema_migrations"."version" FROM "schema_migrations" ORDER BY "schema_migrations"."version" ASC[0m
  ↳ bin/rake:9
Started GET "/admin/dashboard" for ::1 at 2019-02-26 16:55:06 -0600
  [1m[35m (0.6ms)[0m  [1m[34mSELECT "schema_migrations"."version" FROM "schema_migrations" ORDER BY "schema_migrations"."version" ASC[0m
  ↳ /Users/dbacher/.rvm/gems/ruby-2.5.1/gems/activerecord-5.2.2/lib/active_record/log_subscriber.rb:98
Processing by Admin::DashboardController#index as HTML
  [1m[36mAdminUser Load (0.7ms)[0m  [1m[34mSELECT  "admin_users".* FROM "admin_users" WHERE "admin_users"."id" = $1 ORDER BY "admin_users"."id" ASC LIMIT $2[0m  [["id", 1], ["LIMIT", 1]]
  ↳ /Users/dbacher/.rvm/gems/ruby-2.5.1/gems/activerecord-5.2.2/lib/active_record/log_subscriber.rb:98
  Rendering /Users/dbacher/.rvm/gems/ruby-2.5.1/gems/activeadmin-1.4.3/app/views/active_admin/page/index.html.arb
  Rendered /Users/dbacher/.rvm/gems/ruby-2.5.1/gems/activeadmin-1.4.3/app/views/active_admin/page/index.html.arb (200.2ms)
Completed 200 OK in 225ms (Views: 205.9ms | ActiveRecord: 4.9ms)


Started GET "/admin" for ::1 at 2019-02-26 16:55:08 -0600
Processing by Admin::DashboardController#index as HTML
  [1m[36mAdminUser Load (0.3ms)[0m  [1m[34mSELECT  "admin_users".* FROM "admin_users" WHERE "admin_users"."id" = $1 ORDER BY "admin_users"."id" ASC LIMIT $2[0m  [["id", 1], ["LIMIT", 1]]
  ↳ /Users/dbacher/.rvm/gems/ruby-2.5.1/gems/activerecord-5.2.2/lib/active_record/log_subscriber.rb:98
  Rendering /Users/dbacher/.rvm/gems/ruby-2.5.1/gems/activeadmin-1.4.3/app/views/active_admin/page/index.html.arb
  Rendered /Users/dbacher/.rvm/gems/ruby-2.5.1/gems/activeadmin-1.4.3/app/views/active_admin/page/index.html.arb (33.1ms)
Completed 200 OK in 38ms (Views: 36.4ms | ActiveRecord: 0.3ms)


Started GET "/" for ::1 at 2019-02-26 16:55:09 -0600
Processing by Rails::WelcomeController#index as HTML
  Rendering /Users/dbacher/.rvm/gems/ruby-2.5.1/gems/railties-5.2.2/lib/rails/templates/rails/welcome/index.html.erb
  Rendered /Users/dbacher/.rvm/gems/ruby-2.5.1/gems/railties-5.2.2/lib/rails/templates/rails/welcome/index.html.erb (2.2ms)
Completed 200 OK in 8ms (Views: 4.6ms | ActiveRecord: 0.0ms)


Started GET "/api/drinks" for ::1 at 2019-02-26 16:55:15 -0600
Processing by DrinksController#index as HTML
  [1m[36mDrink Load (0.5ms)[0m  [1m[34mSELECT "drinks".* FROM "drinks"[0m
  ↳ app/controllers/drinks_controller.rb:8
Completed 200 OK in 3ms (Views: 1.0ms | ActiveRecord: 1.5ms)


Started GET "/favicon.ico" for ::1 at 2019-02-26 16:55:15 -0600
  
ActionController::RoutingError (No route matches [GET] "/favicon.ico"):
  
actionpack (5.2.2) lib/action_dispatch/middleware/debug_exceptions.rb:65:in `call'
actionpack (5.2.2) lib/action_dispatch/middleware/show_exceptions.rb:33:in `call'
railties (5.2.2) lib/rails/rack/logger.rb:38:in `call_app'
railties (5.2.2) lib/rails/rack/logger.rb:26:in `block in call'
activesupport (5.2.2) lib/active_support/tagged_logging.rb:71:in `block in tagged'
activesupport (5.2.2) lib/active_support/tagged_logging.rb:28:in `tagged'
activesupport (5.2.2) lib/active_support/tagged_logging.rb:71:in `tagged'
railties (5.2.2) lib/rails/rack/logger.rb:26:in `call'
actionpack (5.2.2) lib/action_dispatch/middleware/remote_ip.rb:81:in `call'
actionpack (5.2.2) lib/action_dispatch/middleware/request_id.rb:27:in `call'
rack (2.0.6) lib/rack/runtime.rb:22:in `call'
activesupport (5.2.2) lib/active_support/cache/strategy/local_cache_middleware.rb:29:in `call'
actionpack (5.2.2) lib/action_dispatch/middleware/executor.rb:14:in `call'
actionpack (5.2.2) lib/action_dispatch/middleware/static.rb:127:in `call'
rack (2.0.6) lib/rack/sendfile.rb:111:in `call'
railties (5.2.2) lib/rails/engine.rb:524:in `call'
puma (3.12.0) lib/puma/configuration.rb:225:in `call'
puma (3.12.0) lib/puma/server.rb:658:in `handle_request'
puma (3.12.0) lib/puma/server.rb:472:in `process_client'
puma (3.12.0) lib/puma/server.rb:332:in `block in run'
puma (3.12.0) lib/puma/thread_pool.rb:133:in `block in spawn_thread'
  [1m[35m (0.5ms)[0m  [1m[34mSELECT "schema_migrations"."version" FROM "schema_migrations" ORDER BY "schema_migrations"."version" ASC[0m
  ↳ bin/rake:9
  [1m[35m (0.3ms)[0m  [1m[34mSELECT "ar_internal_metadata"."value" FROM "ar_internal_metadata" WHERE "ar_internal_metadata"."key" = $1[0m  [["key", "environment"]]
  ↳ bin/rake:9
  [1m[35m (0.2ms)[0m  [1m[34mSELECT "schema_migrations"."version" FROM "schema_migrations" ORDER BY "schema_migrations"."version" ASC[0m
  ↳ bin/rake:9
  [1m[35m (0.1ms)[0m  [1m[34mSELECT "ar_internal_metadata"."value" FROM "ar_internal_metadata" WHERE "ar_internal_metadata"."key" = $1[0m  [["key", "environment"]]
  ↳ bin/rake:9
  [1m[35m (0.2ms)[0m  [1m[34mSELECT "schema_migrations"."version" FROM "schema_migrations" ORDER BY "schema_migrations"."version" ASC[0m
  ↳ bin/rake:9
  [1m[35m (0.1ms)[0m  [1m[34mSELECT "ar_internal_metadata"."value" FROM "ar_internal_metadata" WHERE "ar_internal_metadata"."key" = $1[0m  [["key", "environment"]]
  ↳ bin/rake:9
  [1m[35m (135.6ms)[0m  [1m[35mDROP DATABASE IF EXISTS "list-of-ingredients_development"[0m
  ↳ bin/rake:9
  [1m[35m (132.9ms)[0m  [1m[35mDROP DATABASE IF EXISTS "list-of-ingredients_test"[0m
  ↳ bin/rake:9
  [1m[35m (300.3ms)[0m  [1m[35mCREATE DATABASE "list-of-ingredients_development" ENCODING = 'unicode'[0m
  ↳ bin/rake:9
  [1m[35m (273.3ms)[0m  [1m[35mCREATE DATABASE "list-of-ingredients_test" ENCODING = 'unicode'[0m
  ↳ bin/rake:9
  [1m[35mSQL (0.3ms)[0m  [1m[35mCREATE EXTENSION IF NOT EXISTS "plpgsql"[0m
  ↳ db/schema.rb:16
  [1m[35m (0.3ms)[0m  [1m[35mDROP TABLE IF EXISTS "active_admin_comments" CASCADE[0m
  ↳ db/schema.rb:18
  [1m[35m (5.2ms)[0m  [1m[35mCREATE TABLE "active_admin_comments" ("id" bigserial primary key, "namespace" character varying, "body" text, "resource_type" character varying, "resource_id" bigint, "author_type" character varying, "author_id" bigint, "created_at" timestamp NOT NULL, "updated_at" timestamp NOT NULL)[0m
  ↳ db/schema.rb:18
  [1m[35m (1.4ms)[0m  [1m[35mCREATE  INDEX  "index_active_admin_comments_on_author_type_and_author_id" ON "active_admin_comments"  ("author_type", "author_id")[0m
  ↳ db/schema.rb:18
  [1m[35m (0.9ms)[0m  [1m[35mCREATE  INDEX  "index_active_admin_comments_on_namespace" ON "active_admin_comments"  ("namespace")[0m
  ↳ db/schema.rb:18
  [1m[35m (0.9ms)[0m  [1m[35mCREATE  INDEX  "index_active_admin_comments_on_resource_type_and_resource_id" ON "active_admin_comments"  ("resource_type", "resource_id")[0m
  ↳ db/schema.rb:18
  [1m[35m (0.1ms)[0m  [1m[35mDROP TABLE IF EXISTS "admin_users" CASCADE[0m
  ↳ db/schema.rb:32
  [1m[35m (2.7ms)[0m  [1m[35mCREATE TABLE "admin_users" ("id" bigserial primary key, "email" character varying DEFAULT '' NOT NULL, "encrypted_password" character varying DEFAULT '' NOT NULL, "reset_password_token" character varying, "reset_password_sent_at" timestamp, "remember_created_at" timestamp, "created_at" timestamp NOT NULL, "updated_at" timestamp NOT NULL)[0m
  ↳ db/schema.rb:32
  [1m[35m (0.9ms)[0m  [1m[35mCREATE UNIQUE INDEX  "index_admin_users_on_email" ON "admin_users"  ("email")[0m
  ↳ db/schema.rb:32
  [1m[35m (0.8ms)[0m  [1m[35mCREATE UNIQUE INDEX  "index_admin_users_on_reset_password_token" ON "admin_users"  ("reset_password_token")[0m
  ↳ db/schema.rb:32
  [1m[35m (0.1ms)[0m  [1m[35mDROP TABLE IF EXISTS "drinks" CASCADE[0m
  ↳ db/schema.rb:44
  [1m[35m (2.9ms)[0m  [1m[35mCREATE TABLE "drinks" ("id" bigserial primary key, "title" character varying, "description" character varying, "steps" character varying, "source" character varying, "created_at" timestamp NOT NULL, "updated_at" timestamp NOT NULL)[0m
  ↳ db/schema.rb:44
  [1m[35m (0.2ms)[0m  [1m[35mDROP TABLE IF EXISTS "ingredients" CASCADE[0m
  ↳ db/schema.rb:53
  [1m[35m (2.4ms)[0m  [1m[35mCREATE TABLE "ingredients" ("id" bigserial primary key, "drink_id" bigint, "description" character varying, "created_at" timestamp NOT NULL, "updated_at" timestamp NOT NULL)[0m
  ↳ db/schema.rb:53
  [1m[35m (1.0ms)[0m  [1m[35mCREATE  INDEX  "index_ingredients_on_drink_id" ON "ingredients"  ("drink_id")[0m
  ↳ db/schema.rb:53
  [1m[35m (2.1ms)[0m  [1m[35mALTER TABLE "ingredients" ADD CONSTRAINT "fk_rails_70120bc807"
FOREIGN KEY ("drink_id")
  REFERENCES "drinks" ("id")
[0m
  ↳ db/schema.rb:61
  [1m[35m (2.1ms)[0m  [1m[35mCREATE TABLE "schema_migrations" ("version" character varying NOT NULL PRIMARY KEY)[0m
  ↳ db/schema.rb:13
  [1m[35m (0.4ms)[0m  [1m[34mSELECT "schema_migrations"."version" FROM "schema_migrations" ORDER BY "schema_migrations"."version" ASC[0m
  ↳ db/schema.rb:13
  [1m[35m (0.5ms)[0m  [1m[32mINSERT INTO "schema_migrations" (version) VALUES (20190226224929)[0m
  ↳ db/schema.rb:13
  [1m[35m (0.3ms)[0m  [1m[32mINSERT INTO "schema_migrations" (version) VALUES
(20190226223158),
(20190226223156),
(20190226224915);

[0m
  ↳ db/schema.rb:13
  [1m[35m (2.1ms)[0m  [1m[35mCREATE TABLE "ar_internal_metadata" ("key" character varying NOT NULL PRIMARY KEY, "value" character varying, "created_at" timestamp NOT NULL, "updated_at" timestamp NOT NULL)[0m
  ↳ db/schema.rb:13
  [1m[36mActiveRecord::InternalMetadata Load (0.2ms)[0m  [1m[34mSELECT  "ar_internal_metadata".* FROM "ar_internal_metadata" WHERE "ar_internal_metadata"."key" = $1 LIMIT $2[0m  [["key", "environment"], ["LIMIT", 1]]
  ↳ db/schema.rb:13
  [1m[35m (0.1ms)[0m  [1m[35mBEGIN[0m
  ↳ db/schema.rb:13
  [1m[36mActiveRecord::InternalMetadata Create (0.4ms)[0m  [1m[32mINSERT INTO "ar_internal_metadata" ("key", "value", "created_at", "updated_at") VALUES ($1, $2, $3, $4) RETURNING "key"[0m  [["key", "environment"], ["value", "development"], ["created_at", "2019-02-26 22:57:11.442988"], ["updated_at", "2019-02-26 22:57:11.442988"]]
  ↳ db/schema.rb:13
  [1m[35m (0.4ms)[0m  [1m[35mCOMMIT[0m
  ↳ db/schema.rb:13
  [1m[36mActiveRecord::InternalMetadata Load (0.2ms)[0m  [1m[34mSELECT  "ar_internal_metadata".* FROM "ar_internal_metadata" WHERE "ar_internal_metadata"."key" = $1 LIMIT $2[0m  [["key", "environment"], ["LIMIT", 1]]
  ↳ bin/rake:9
  [1m[35m (0.1ms)[0m  [1m[35mBEGIN[0m
  ↳ bin/rake:9
  [1m[35m (0.1ms)[0m  [1m[35mCOMMIT[0m
  ↳ bin/rake:9
  [1m[35mSQL (0.3ms)[0m  [1m[35mCREATE EXTENSION IF NOT EXISTS "plpgsql"[0m
  ↳ db/schema.rb:16
  [1m[35m (0.1ms)[0m  [1m[35mDROP TABLE IF EXISTS "active_admin_comments" CASCADE[0m
  ↳ db/schema.rb:18
  [1m[35m (5.5ms)[0m  [1m[35mCREATE TABLE "active_admin_comments" ("id" bigserial primary key, "namespace" character varying, "body" text, "resource_type" character varying, "resource_id" bigint, "author_type" character varying, "author_id" bigint, "created_at" timestamp NOT NULL, "updated_at" timestamp NOT NULL)[0m
  ↳ db/schema.rb:18
  [1m[35m (1.0ms)[0m  [1m[35mCREATE  INDEX  "index_active_admin_comments_on_author_type_and_author_id" ON "active_admin_comments"  ("author_type", "author_id")[0m
  ↳ db/schema.rb:18
  [1m[35m (0.9ms)[0m  [1m[35mCREATE  INDEX  "index_active_admin_comments_on_namespace" ON "active_admin_comments"  ("namespace")[0m
  ↳ db/schema.rb:18
  [1m[35m (1.1ms)[0m  [1m[35mCREATE  INDEX  "index_active_admin_comments_on_resource_type_and_resource_id" ON "active_admin_comments"  ("resource_type", "resource_id")[0m
  ↳ db/schema.rb:18
  [1m[35m (0.2ms)[0m  [1m[35mDROP TABLE IF EXISTS "admin_users" CASCADE[0m
  ↳ db/schema.rb:32
  [1m[35m (2.8ms)[0m  [1m[35mCREATE TABLE "admin_users" ("id" bigserial primary key, "email" character varying DEFAULT '' NOT NULL, "encrypted_password" character varying DEFAULT '' NOT NULL, "reset_password_token" character varying, "reset_password_sent_at" timestamp, "remember_created_at" timestamp, "created_at" timestamp NOT NULL, "updated_at" timestamp NOT NULL)[0m
  ↳ db/schema.rb:32
  [1m[35m (0.9ms)[0m  [1m[35mCREATE UNIQUE INDEX  "index_admin_users_on_email" ON "admin_users"  ("email")[0m
  ↳ db/schema.rb:32
  [1m[35m (0.9ms)[0m  [1m[35mCREATE UNIQUE INDEX  "index_admin_users_on_reset_password_token" ON "admin_users"  ("reset_password_token")[0m
  ↳ db/schema.rb:32
  [1m[35m (0.1ms)[0m  [1m[35mDROP TABLE IF EXISTS "drinks" CASCADE[0m
  ↳ db/schema.rb:44
  [1m[35m (2.8ms)[0m  [1m[35mCREATE TABLE "drinks" ("id" bigserial primary key, "title" character varying, "description" character varying, "steps" character varying, "source" character varying, "created_at" timestamp NOT NULL, "updated_at" timestamp NOT NULL)[0m
  ↳ db/schema.rb:44
  [1m[35m (0.2ms)[0m  [1m[35mDROP TABLE IF EXISTS "ingredients" CASCADE[0m
  ↳ db/schema.rb:53
  [1m[35m (2.4ms)[0m  [1m[35mCREATE TABLE "ingredients" ("id" bigserial primary key, "drink_id" bigint, "description" character varying, "created_at" timestamp NOT NULL, "updated_at" timestamp NOT NULL)[0m
  ↳ db/schema.rb:53
  [1m[35m (0.9ms)[0m  [1m[35mCREATE  INDEX  "index_ingredients_on_drink_id" ON "ingredients"  ("drink_id")[0m
  ↳ db/schema.rb:53
  [1m[35m (2.0ms)[0m  [1m[35mALTER TABLE "ingredients" ADD CONSTRAINT "fk_rails_70120bc807"
FOREIGN KEY ("drink_id")
  REFERENCES "drinks" ("id")
[0m
  ↳ db/schema.rb:61
  [1m[35m (2.4ms)[0m  [1m[35mCREATE TABLE "schema_migrations" ("version" character varying NOT NULL PRIMARY KEY)[0m
  ↳ db/schema.rb:13
  [1m[35m (0.5ms)[0m  [1m[34mSELECT "schema_migrations"."version" FROM "schema_migrations" ORDER BY "schema_migrations"."version" ASC[0m
  ↳ db/schema.rb:13
  [1m[35m (0.5ms)[0m  [1m[32mINSERT INTO "schema_migrations" (version) VALUES (20190226224929)[0m
  ↳ db/schema.rb:13
  [1m[35m (0.3ms)[0m  [1m[32mINSERT INTO "schema_migrations" (version) VALUES
(20190226223158),
(20190226223156),
(20190226224915);

[0m
  ↳ db/schema.rb:13
  [1m[35m (2.1ms)[0m  [1m[35mCREATE TABLE "ar_internal_metadata" ("key" character varying NOT NULL PRIMARY KEY, "value" character varying, "created_at" timestamp NOT NULL, "updated_at" timestamp NOT NULL)[0m
  ↳ db/schema.rb:13
  [1m[36mActiveRecord::InternalMetadata Load (0.3ms)[0m  [1m[34mSELECT  "ar_internal_metadata".* FROM "ar_internal_metadata" WHERE "ar_internal_metadata"."key" = $1 LIMIT $2[0m  [["key", "environment"], ["LIMIT", 1]]
  ↳ db/schema.rb:13
  [1m[35m (0.1ms)[0m  [1m[35mBEGIN[0m
  ↳ db/schema.rb:13
  [1m[36mActiveRecord::InternalMetadata Create (0.3ms)[0m  [1m[32mINSERT INTO "ar_internal_metadata" ("key", "value", "created_at", "updated_at") VALUES ($1, $2, $3, $4) RETURNING "key"[0m  [["key", "environment"], ["value", "development"], ["created_at", "2019-02-26 22:57:11.513725"], ["updated_at", "2019-02-26 22:57:11.513725"]]
  ↳ db/schema.rb:13
  [1m[35m (0.3ms)[0m  [1m[35mCOMMIT[0m
  ↳ db/schema.rb:13
  [1m[36mActiveRecord::InternalMetadata Load (0.2ms)[0m  [1m[34mSELECT  "ar_internal_metadata".* FROM "ar_internal_metadata" WHERE "ar_internal_metadata"."key" = $1 LIMIT $2[0m  [["key", "environment"], ["LIMIT", 1]]
  ↳ bin/rake:9
  [1m[35m (0.1ms)[0m  [1m[35mBEGIN[0m
  ↳ bin/rake:9
  [1m[36mActiveRecord::InternalMetadata Update (0.2ms)[0m  [1m[33mUPDATE "ar_internal_metadata" SET "value" = $1, "updated_at" = $2 WHERE "ar_internal_metadata"."key" = $3[0m  [["value", "test"], ["updated_at", "2019-02-26 22:57:11.517203"], ["key", "environment"]]
  ↳ bin/rake:9
  [1m[35m (0.4ms)[0m  [1m[35mCOMMIT[0m
  ↳ bin/rake:9
  [1m[35m (0.5ms)[0m  [1m[34mSELECT "schema_migrations"."version" FROM "schema_migrations" ORDER BY "schema_migrations"."version" ASC[0m
  ↳ bin/rake:9
  [1m[35m (0.2ms)[0m  [1m[35mBEGIN[0m
  ↳ db/seeds.rb:8
  [1m[36mAdminUser Exists (0.6ms)[0m  [1m[34mSELECT  1 AS one FROM "admin_users" WHERE "admin_users"."email" = $1 LIMIT $2[0m  [["email", "admin@example.com"], ["LIMIT", 1]]
  ↳ db/seeds.rb:8
  [1m[36mAdminUser Create (0.6ms)[0m  [1m[32mINSERT INTO "admin_users" ("email", "encrypted_password", "created_at", "updated_at") VALUES ($1, $2, $3, $4) RETURNING "id"[0m  [["email", "admin@example.com"], ["encrypted_password", "$2a$11$ea57.QLLzKkI4oyMUuBVFeYtXNjRez9HG5kZK7rwm.5zcGhqgLPTS"], ["created_at", "2019-02-26 22:57:11.665919"], ["updated_at", "2019-02-26 22:57:11.665919"]]
  ↳ db/seeds.rb:8
  [1m[35m (1.1ms)[0m  [1m[35mCOMMIT[0m
  ↳ db/seeds.rb:8
  [1m[35m (0.2ms)[0m  [1m[35mBEGIN[0m
  ↳ db/seeds.rb:10
  [1m[36mDrink Create (0.5ms)[0m  [1m[32mINSERT INTO "drinks" ("title", "description", "steps", "source", "created_at", "updated_at") VALUES ($1, $2, $3, $4, $5, $6) RETURNING "id"[0m  [["title", "Two-Minute Breakfast Boost"], ["description", "Whizz up a low-fat breakfast smoothie in no time. Use banana with other soft fruit, plus honey for a little sweetness and oats for slow-release fuel."], ["steps", "Put all the ingredients in a blender and whizz for 1 min until smooth. Pour the mixture into two glasses to serve."], ["source", "https://www.bbcgoodfood.com/recipes/two-minute-breakfast-smoothie"], ["created_at", "2019-02-26 22:57:11.676837"], ["updated_at", "2019-02-26 22:57:11.676837"]]
  ↳ db/seeds.rb:10
  [1m[35m (0.4ms)[0m  [1m[35mCOMMIT[0m
  ↳ db/seeds.rb:10
  [1m[35m (0.2ms)[0m  [1m[35mBEGIN[0m
  ↳ db/seeds.rb:16
  [1m[36mIngredient Create (0.8ms)[0m  [1m[32mINSERT INTO "ingredients" ("drink_id", "description", "created_at", "updated_at") VALUES ($1, $2, $3, $4) RETURNING "id"[0m  [["drink_id", 1], ["description", "1 banana"], ["created_at", "2019-02-26 22:57:11.703911"], ["updated_at", "2019-02-26 22:57:11.703911"]]
  ↳ db/seeds.rb:16
  [1m[35m (0.3ms)[0m  [1m[35mCOMMIT[0m
  ↳ db/seeds.rb:16
  [1m[35m (0.1ms)[0m  [1m[35mBEGIN[0m
  ↳ db/seeds.rb:17
  [1m[36mIngredient Create (0.3ms)[0m  [1m[32mINSERT INTO "ingredients" ("drink_id", "description", "created_at", "updated_at") VALUES ($1, $2, $3, $4) RETURNING "id"[0m  [["drink_id", 1], ["description", "1 tbsp porridge oats"], ["created_at", "2019-02-26 22:57:11.707019"], ["updated_at", "2019-02-26 22:57:11.707019"]]
  ↳ db/seeds.rb:17
  [1m[35m (0.3ms)[0m  [1m[35mCOMMIT[0m
  ↳ db/seeds.rb:17
  [1m[35m (0.1ms)[0m  [1m[35mBEGIN[0m
  ↳ db/seeds.rb:18
  [1m[36mIngredient Create (0.3ms)[0m  [1m[32mINSERT INTO "ingredients" ("drink_id", "description", "created_at", "updated_at") VALUES ($1, $2, $3, $4) RETURNING "id"[0m  [["drink_id", 1], ["description", "80g soft fruit (like mango or strawberries)"], ["created_at", "2019-02-26 22:57:11.709298"], ["updated_at", "2019-02-26 22:57:11.709298"]]
  ↳ db/seeds.rb:18
  [1m[35m (0.3ms)[0m  [1m[35mCOMMIT[0m
  ↳ db/seeds.rb:18
  [1m[35m (0.1ms)[0m  [1m[35mBEGIN[0m
  ↳ db/seeds.rb:19
  [1m[36mIngredient Create (0.3ms)[0m  [1m[32mINSERT INTO "ingredients" ("drink_id", "description", "created_at", "updated_at") VALUES ($1, $2, $3, $4) RETURNING "id"[0m  [["drink_id", 1], ["description", "150ml milk"], ["created_at", "2019-02-26 22:57:11.711585"], ["updated_at", "2019-02-26 22:57:11.711585"]]
  ↳ db/seeds.rb:19
  [1m[35m (0.3ms)[0m  [1m[35mCOMMIT[0m
  ↳ db/seeds.rb:19
  [1m[35m (0.1ms)[0m  [1m[35mBEGIN[0m
  ↳ db/seeds.rb:20
  [1m[36mIngredient Create (0.2ms)[0m  [1m[32mINSERT INTO "ingredients" ("drink_id", "description", "created_at", "updated_at") VALUES ($1, $2, $3, $4) RETURNING "id"[0m  [["drink_id", 1], ["description", "1 tsp honey"], ["created_at", "2019-02-26 22:57:11.713704"], ["updated_at", "2019-02-26 22:57:11.713704"]]
  ↳ db/seeds.rb:20
  [1m[35m (0.3ms)[0m  [1m[35mCOMMIT[0m
  ↳ db/seeds.rb:20
  [1m[35m (0.1ms)[0m  [1m[35mBEGIN[0m
  ↳ db/seeds.rb:21
  [1m[36mIngredient Create (0.2ms)[0m  [1m[32mINSERT INTO "ingredients" ("drink_id", "description", "created_at", "updated_at") VALUES ($1, $2, $3, $4) RETURNING "id"[0m  [["drink_id", 1], ["description", "1 tsp vanilla extract"], ["created_at", "2019-02-26 22:57:11.715595"], ["updated_at", "2019-02-26 22:57:11.715595"]]
  ↳ db/seeds.rb:21
  [1m[35m (0.3ms)[0m  [1m[35mCOMMIT[0m
  ↳ db/seeds.rb:21
  [1m[35m (0.1ms)[0m  [1m[35mBEGIN[0m
  ↳ db/seeds.rb:23
  [1m[36mDrink Create (0.2ms)[0m  [1m[32mINSERT INTO "drinks" ("title", "description", "steps", "source", "created_at", "updated_at") VALUES ($1, $2, $3, $4, $5, $6) RETURNING "id"[0m  [["title", "Kale And Hearty Smoothie"], ["description", "Give yourself a dose of vitamin C in the morning with this vegan green smoothie. Along with kale and avocado, there's a hit of zesty lime and pineapple."], ["steps", "Put all of the ingredients into a bullet or smoothie maker, add a large splash of water and blitz. Add more water until you have the desired consistency."], ["source", "https://www.bbcgoodfood.com/recipes/kale-smoothie"], ["created_at", "2019-02-26 22:57:11.717464"], ["updated_at", "2019-02-26 22:57:11.717464"]]
  ↳ db/seeds.rb:23
  [1m[35m (0.3ms)[0m  [1m[35mCOMMIT[0m
  ↳ db/seeds.rb:23
  [1m[35m (0.1ms)[0m  [1m[35mBEGIN[0m
  ↳ db/seeds.rb:29
  [1m[36mIngredient Create (0.2ms)[0m  [1m[32mINSERT INTO "ingredients" ("drink_id", "description", "created_at", "updated_at") VALUES ($1, $2, $3, $4) RETURNING "id"[0m  [["drink_id", 2], ["description", "2 handfuls kale"], ["created_at", "2019-02-26 22:57:11.719520"], ["updated_at", "2019-02-26 22:57:11.719520"]]
  ↳ db/seeds.rb:29
  [1m[35m (0.3ms)[0m  [1m[35mCOMMIT[0m
  ↳ db/seeds.rb:29
  [1m[35m (0.1ms)[0m  [1m[35mBEGIN[0m
  ↳ db/seeds.rb:30
  [1m[36mIngredient Create (0.2ms)[0m  [1m[32mINSERT INTO "ingredients" ("drink_id", "description", "created_at", "updated_at") VALUES ($1, $2, $3, $4) RETURNING "id"[0m  [["drink_id", 2], ["description", "½ avocado"], ["created_at", "2019-02-26 22:57:11.721373"], ["updated_at", "2019-02-26 22:57:11.721373"]]
  ↳ db/seeds.rb:30
  [1m[35m (0.3ms)[0m  [1m[35mCOMMIT[0m
  ↳ db/seeds.rb:30
  [1m[35m (0.1ms)[0m  [1m[35mBEGIN[0m
  ↳ db/seeds.rb:31
  [1m[36mIngredient Create (0.2ms)[0m  [1m[32mINSERT INTO "ingredients" ("drink_id", "description", "created_at", "updated_at") VALUES ($1, $2, $3, $4) RETURNING "id"[0m  [["drink_id", 2], ["description", "½ lime, juice only"], ["created_at", "2019-02-26 22:57:11.723290"], ["updated_at", "2019-02-26 22:57:11.723290"]]
  ↳ db/seeds.rb:31
  [1m[35m (0.3ms)[0m  [1m[35mCOMMIT[0m
  ↳ db/seeds.rb:31
  [1m[35m (0.1ms)[0m  [1m[35mBEGIN[0m
  ↳ db/seeds.rb:32
  [1m[36mIngredient Create (0.2ms)[0m  [1m[32mINSERT INTO "ingredients" ("drink_id", "description", "created_at", "updated_at") VALUES ($1, $2, $3, $4) RETURNING "id"[0m  [["drink_id", 2], ["description", "large handful frozen pineapple chunks"], ["created_at", "2019-02-26 22:57:11.725262"], ["updated_at", "2019-02-26 22:57:11.725262"]]
  ↳ db/seeds.rb:32
  [1m[35m (0.3ms)[0m  [1m[35mCOMMIT[0m
  ↳ db/seeds.rb:32
  [1m[35m (0.1ms)[0m  [1m[35mBEGIN[0m
  ↳ db/seeds.rb:33
  [1m[36mIngredient Create (0.2ms)[0m  [1m[32mINSERT INTO "ingredients" ("drink_id", "description", "created_at", "updated_at") VALUES ($1, $2, $3, $4) RETURNING "id"[0m  [["drink_id", 2], ["description", "medium-sized chunk ginger"], ["created_at", "2019-02-26 22:57:11.727105"], ["updated_at", "2019-02-26 22:57:11.727105"]]
  ↳ db/seeds.rb:33
  [1m[35m (0.3ms)[0m  [1m[35mCOMMIT[0m
  ↳ db/seeds.rb:33
  [1m[35m (0.1ms)[0m  [1m[35mBEGIN[0m
  ↳ db/seeds.rb:34
  [1m[36mIngredient Create (0.2ms)[0m  [1m[32mINSERT INTO "ingredients" ("drink_id", "description", "created_at", "updated_at") VALUES ($1, $2, $3, $4) RETURNING "id"[0m  [["drink_id", 2], ["description", "1 tbsp cashew nuts"], ["created_at", "2019-02-26 22:57:11.728853"], ["updated_at", "2019-02-26 22:57:11.728853"]]
  ↳ db/seeds.rb:34
  [1m[35m (0.3ms)[0m  [1m[35mCOMMIT[0m
  ↳ db/seeds.rb:34
  [1m[35m (0.1ms)[0m  [1m[35mBEGIN[0m
  ↳ db/seeds.rb:35
  [1m[36mIngredient Create (0.2ms)[0m  [1m[32mINSERT INTO "ingredients" ("drink_id", "description", "created_at", "updated_at") VALUES ($1, $2, $3, $4) RETURNING "id"[0m  [["drink_id", 2], ["description", "1 banana, optional"], ["created_at", "2019-02-26 22:57:11.730744"], ["updated_at", "2019-02-26 22:57:11.730744"]]
  ↳ db/seeds.rb:35
  [1m[35m (0.3ms)[0m  [1m[35mCOMMIT[0m
  ↳ db/seeds.rb:35
Started GET "/api/drinks" for ::1 at 2019-02-26 16:57:30 -0600
  [1m[35m (0.6ms)[0m  [1m[34mSELECT "schema_migrations"."version" FROM "schema_migrations" ORDER BY "schema_migrations"."version" ASC[0m
  ↳ /Users/dbacher/.rvm/gems/ruby-2.5.1/gems/activerecord-5.2.2/lib/active_record/log_subscriber.rb:98
Processing by DrinksController#index as HTML
  [1m[36mDrink Load (0.5ms)[0m  [1m[34mSELECT "drinks".* FROM "drinks"[0m
  ↳ app/controllers/drinks_controller.rb:8
Completed 200 OK in 13ms (Views: 8.3ms | ActiveRecord: 4.0ms)


Started GET "/api/drinks" for 127.0.0.1 at 2019-02-26 17:14:17 -0600
  [1m[35m (0.6ms)[0m  [1m[34mSELECT "schema_migrations"."version" FROM "schema_migrations" ORDER BY "schema_migrations"."version" ASC[0m
  ↳ /Users/dbacher/.rvm/gems/ruby-2.5.1/gems/activerecord-5.2.2/lib/active_record/log_subscriber.rb:98
Processing by DrinksController#index as */*
  [1m[36mDrink Load (0.5ms)[0m  [1m[34mSELECT id, title FROM "drinks"[0m
  ↳ app/controllers/drinks_controller.rb:7
Completed 200 OK in 13ms (Views: 0.2ms | ActiveRecord: 4.5ms)


Started GET "/api/drinks" for 127.0.0.1 at 2019-02-26 17:15:24 -0600
Processing by DrinksController#index as */*
  [1m[36mDrink Load (0.3ms)[0m  [1m[34mSELECT id, title FROM "drinks"[0m
  ↳ app/controllers/drinks_controller.rb:7
Completed 200 OK in 1ms (Views: 0.1ms | ActiveRecord: 0.3ms)


Started GET "/api/drinks" for 127.0.0.1 at 2019-02-26 17:33:19 -0600
  [1m[35m (1.2ms)[0m  [1m[34mSELECT "schema_migrations"."version" FROM "schema_migrations" ORDER BY "schema_migrations"."version" ASC[0m
  ↳ /Users/dbacher/.rvm/gems/ruby-2.5.1/gems/activerecord-5.2.2/lib/active_record/log_subscriber.rb:98
Processing by DrinksController#index as */*
  [1m[36mDrink Load (0.9ms)[0m  [1m[34mSELECT id, title FROM "drinks"[0m
  ↳ app/controllers/drinks_controller.rb:7
Completed 200 OK in 18ms (Views: 0.1ms | ActiveRecord: 6.6ms)


Started GET "/api/drinks/1" for 127.0.0.1 at 2019-02-26 17:33:19 -0600
Processing by DrinksController#show as */*
  Parameters: {"id"=>"1"}
  [1m[36mDrink Load (0.3ms)[0m  [1m[34mSELECT  "drinks".* FROM "drinks" WHERE "drinks"."id" = $1 LIMIT $2[0m  [["id", 1], ["LIMIT", 1]]
  ↳ app/controllers/drinks_controller.rb:12
  [1m[36mIngredient Load (0.6ms)[0m  [1m[34mSELECT "ingredients".* FROM "ingredients" WHERE "ingredients"."drink_id" = $1[0m  [["drink_id", 1]]
  ↳ app/controllers/drinks_controller.rb:13
Completed 200 OK in 24ms (Views: 0.1ms | ActiveRecord: 4.3ms)


Started GET "/api/drinks/1" for 127.0.0.1 at 2019-02-26 17:33:30 -0600
Processing by DrinksController#show as */*
  Parameters: {"id"=>"1"}
  [1m[36mDrink Load (0.3ms)[0m  [1m[34mSELECT  "drinks".* FROM "drinks" WHERE "drinks"."id" = $1 LIMIT $2[0m  [["id", 1], ["LIMIT", 1]]
  ↳ app/controllers/drinks_controller.rb:12
  [1m[36mIngredient Load (0.2ms)[0m  [1m[34mSELECT "ingredients".* FROM "ingredients" WHERE "ingredients"."drink_id" = $1[0m  [["drink_id", 1]]
  ↳ app/controllers/drinks_controller.rb:13
Completed 200 OK in 3ms (Views: 0.1ms | ActiveRecord: 0.5ms)


Started GET "/api/drinks/2" for 127.0.0.1 at 2019-02-26 17:33:31 -0600
Processing by DrinksController#show as */*
  Parameters: {"id"=>"2"}
  [1m[36mDrink Load (0.2ms)[0m  [1m[34mSELECT  "drinks".* FROM "drinks" WHERE "drinks"."id" = $1 LIMIT $2[0m  [["id", 2], ["LIMIT", 1]]
  ↳ app/controllers/drinks_controller.rb:12
  [1m[36mIngredient Load (0.2ms)[0m  [1m[34mSELECT "ingredients".* FROM "ingredients" WHERE "ingredients"."drink_id" = $1[0m  [["drink_id", 2]]
  ↳ app/controllers/drinks_controller.rb:13
Completed 200 OK in 3ms (Views: 0.1ms | ActiveRecord: 0.4ms)


Started GET "/api/drinks/1" for 127.0.0.1 at 2019-02-26 17:33:32 -0600
Processing by DrinksController#show as */*
  Parameters: {"id"=>"1"}
  [1m[36mDrink Load (0.2ms)[0m  [1m[34mSELECT  "drinks".* FROM "drinks" WHERE "drinks"."id" = $1 LIMIT $2[0m  [["id", 1], ["LIMIT", 1]]
  ↳ app/controllers/drinks_controller.rb:12
  [1m[36mIngredient Load (0.2ms)[0m  [1m[34mSELECT "ingredients".* FROM "ingredients" WHERE "ingredients"."drink_id" = $1[0m  [["drink_id", 1]]
  ↳ app/controllers/drinks_controller.rb:13
Completed 200 OK in 3ms (Views: 0.1ms | ActiveRecord: 0.5ms)


Started GET "/api/drinks/1" for ::1 at 2019-02-26 17:33:44 -0600
Processing by DrinksController#show as HTML
  Parameters: {"id"=>"1"}
  [1m[36mDrink Load (0.3ms)[0m  [1m[34mSELECT  "drinks".* FROM "drinks" WHERE "drinks"."id" = $1 LIMIT $2[0m  [["id", 1], ["LIMIT", 1]]
  ↳ app/controllers/drinks_controller.rb:12
  [1m[36mIngredient Load (0.2ms)[0m  [1m[34mSELECT "ingredients".* FROM "ingredients" WHERE "ingredients"."drink_id" = $1[0m  [["drink_id", 1]]
  ↳ app/controllers/drinks_controller.rb:13
Completed 200 OK in 3ms (Views: 0.1ms | ActiveRecord: 0.5ms)


Started GET "/favicon.ico" for ::1 at 2019-02-26 17:33:44 -0600
  
ActionController::RoutingError (No route matches [GET] "/favicon.ico"):
  
actionpack (5.2.2) lib/action_dispatch/middleware/debug_exceptions.rb:65:in `call'
actionpack (5.2.2) lib/action_dispatch/middleware/show_exceptions.rb:33:in `call'
railties (5.2.2) lib/rails/rack/logger.rb:38:in `call_app'
railties (5.2.2) lib/rails/rack/logger.rb:26:in `block in call'
activesupport (5.2.2) lib/active_support/tagged_logging.rb:71:in `block in tagged'
activesupport (5.2.2) lib/active_support/tagged_logging.rb:28:in `tagged'
activesupport (5.2.2) lib/active_support/tagged_logging.rb:71:in `tagged'
railties (5.2.2) lib/rails/rack/logger.rb:26:in `call'
actionpack (5.2.2) lib/action_dispatch/middleware/remote_ip.rb:81:in `call'
actionpack (5.2.2) lib/action_dispatch/middleware/request_id.rb:27:in `call'
rack (2.0.6) lib/rack/runtime.rb:22:in `call'
activesupport (5.2.2) lib/active_support/cache/strategy/local_cache_middleware.rb:29:in `call'
actionpack (5.2.2) lib/action_dispatch/middleware/executor.rb:14:in `call'
actionpack (5.2.2) lib/action_dispatch/middleware/static.rb:127:in `call'
rack (2.0.6) lib/rack/sendfile.rb:111:in `call'
railties (5.2.2) lib/rails/engine.rb:524:in `call'
puma (3.12.0) lib/puma/configuration.rb:225:in `call'
puma (3.12.0) lib/puma/server.rb:658:in `handle_request'
puma (3.12.0) lib/puma/server.rb:472:in `process_client'
puma (3.12.0) lib/puma/server.rb:332:in `block in run'
puma (3.12.0) lib/puma/thread_pool.rb:133:in `block in spawn_thread'
Started GET "/api/drinks" for 127.0.0.1 at 2019-02-26 18:11:28 -0600
  [1m[35m (1.4ms)[0m  [1m[34mSELECT "schema_migrations"."version" FROM "schema_migrations" ORDER BY "schema_migrations"."version" ASC[0m
  ↳ /Users/dbacher/.rvm/gems/ruby-2.5.1/gems/activerecord-5.2.2/lib/active_record/log_subscriber.rb:98
Processing by DrinksController#index as */*
  [1m[36mDrink Load (0.3ms)[0m  [1m[34mSELECT id, title FROM "drinks"[0m
  ↳ app/controllers/drinks_controller.rb:7
Completed 200 OK in 14ms (Views: 0.2ms | ActiveRecord: 4.7ms)


Started GET "/api/drinks/1" for 127.0.0.1 at 2019-02-26 18:11:28 -0600
Processing by DrinksController#show as */*
  Parameters: {"id"=>"1"}
  [1m[36mDrink Load (0.3ms)[0m  [1m[34mSELECT  "drinks".* FROM "drinks" WHERE "drinks"."id" = $1 LIMIT $2[0m  [["id", 1], ["LIMIT", 1]]
  ↳ app/controllers/drinks_controller.rb:12
  [1m[36mIngredient Load (0.4ms)[0m  [1m[34mSELECT "ingredients".* FROM "ingredients" WHERE "ingredients"."drink_id" = $1[0m  [["drink_id", 1]]
  ↳ app/controllers/drinks_controller.rb:13
Completed 200 OK in 26ms (Views: 0.1ms | ActiveRecord: 3.9ms)


Started GET "/api/drinks" for 127.0.0.1 at 2019-02-26 18:11:34 -0600
Processing by DrinksController#index as */*
  [1m[36mDrink Load (0.3ms)[0m  [1m[34mSELECT id, title FROM "drinks"[0m
  ↳ app/controllers/drinks_controller.rb:7
Completed 200 OK in 2ms (Views: 0.1ms | ActiveRecord: 0.3ms)


Started GET "/api/drinks/1" for 127.0.0.1 at 2019-02-26 18:11:34 -0600
Processing by DrinksController#show as */*
  Parameters: {"id"=>"1"}
  [1m[36mDrink Load (0.3ms)[0m  [1m[34mSELECT  "drinks".* FROM "drinks" WHERE "drinks"."id" = $1 LIMIT $2[0m  [["id", 1], ["LIMIT", 1]]
  ↳ app/controllers/drinks_controller.rb:12
  [1m[36mIngredient Load (0.3ms)[0m  [1m[34mSELECT "ingredients".* FROM "ingredients" WHERE "ingredients"."drink_id" = $1[0m  [["drink_id", 1]]
  ↳ app/controllers/drinks_controller.rb:13
Completed 200 OK in 3ms (Views: 0.1ms | ActiveRecord: 0.6ms)


Started GET "/api/drinks" for 127.0.0.1 at 2019-02-26 18:12:38 -0600
  [1m[35m (0.5ms)[0m  [1m[34mSELECT "schema_migrations"."version" FROM "schema_migrations" ORDER BY "schema_migrations"."version" ASC[0m
  ↳ /Users/dbacher/.rvm/gems/ruby-2.5.1/gems/activerecord-5.2.2/lib/active_record/log_subscriber.rb:98
Processing by DrinksController#index as */*
  [1m[36mDrink Load (0.3ms)[0m  [1m[34mSELECT id, title FROM "drinks"[0m
  ↳ app/controllers/drinks_controller.rb:7
Completed 200 OK in 15ms (Views: 0.2ms | ActiveRecord: 4.8ms)


Started GET "/api/drinks/1" for 127.0.0.1 at 2019-02-26 18:12:38 -0600
Processing by DrinksController#show as */*
  Parameters: {"id"=>"1"}
  [1m[36mDrink Load (0.4ms)[0m  [1m[34mSELECT  "drinks".* FROM "drinks" WHERE "drinks"."id" = $1 LIMIT $2[0m  [["id", 1], ["LIMIT", 1]]
  ↳ app/controllers/drinks_controller.rb:12
  [1m[36mIngredient Load (0.5ms)[0m  [1m[34mSELECT "ingredients".* FROM "ingredients" WHERE "ingredients"."drink_id" = $1[0m  [["drink_id", 1]]
  ↳ app/controllers/drinks_controller.rb:13
Completed 200 OK in 23ms (Views: 0.1ms | ActiveRecord: 5.4ms)


Started GET "/api/drinks" for 127.0.0.1 at 2019-02-26 18:12:45 -0600
Processing by DrinksController#index as */*
  [1m[36mDrink Load (0.3ms)[0m  [1m[34mSELECT id, title FROM "drinks"[0m
  ↳ app/controllers/drinks_controller.rb:7
Completed 200 OK in 2ms (Views: 0.1ms | ActiveRecord: 0.3ms)


Started GET "/api/drinks/1" for 127.0.0.1 at 2019-02-26 18:12:45 -0600
Processing by DrinksController#show as */*
  Parameters: {"id"=>"1"}
  [1m[36mDrink Load (0.3ms)[0m  [1m[34mSELECT  "drinks".* FROM "drinks" WHERE "drinks"."id" = $1 LIMIT $2[0m  [["id", 1], ["LIMIT", 1]]
  ↳ app/controllers/drinks_controller.rb:12
  [1m[36mIngredient Load (0.2ms)[0m  [1m[34mSELECT "ingredients".* FROM "ingredients" WHERE "ingredients"."drink_id" = $1[0m  [["drink_id", 1]]
  ↳ app/controllers/drinks_controller.rb:13
Completed 200 OK in 3ms (Views: 0.1ms | ActiveRecord: 0.6ms)


Started GET "/api/drinks" for 127.0.0.1 at 2019-02-26 18:12:50 -0600
Processing by DrinksController#index as */*
  [1m[36mDrink Load (0.3ms)[0m  [1m[34mSELECT id, title FROM "drinks"[0m
  ↳ app/controllers/drinks_controller.rb:7
Completed 200 OK in 1ms (Views: 0.1ms | ActiveRecord: 0.3ms)


Started GET "/api/drinks/1" for 127.0.0.1 at 2019-02-26 18:12:50 -0600
Processing by DrinksController#show as */*
  Parameters: {"id"=>"1"}
  [1m[36mDrink Load (0.3ms)[0m  [1m[34mSELECT  "drinks".* FROM "drinks" WHERE "drinks"."id" = $1 LIMIT $2[0m  [["id", 1], ["LIMIT", 1]]
  ↳ app/controllers/drinks_controller.rb:12
  [1m[36mIngredient Load (0.5ms)[0m  [1m[34mSELECT "ingredients".* FROM "ingredients" WHERE "ingredients"."drink_id" = $1[0m  [["drink_id", 1]]
  ↳ app/controllers/drinks_controller.rb:13
Completed 200 OK in 4ms (Views: 0.1ms | ActiveRecord: 0.7ms)


Started GET "/api/drinks" for 127.0.0.1 at 2019-02-26 18:57:34 -0600
  [1m[35m (0.5ms)[0m  [1m[34mSELECT "schema_migrations"."version" FROM "schema_migrations" ORDER BY "schema_migrations"."version" ASC[0m
  ↳ /Users/dbacher/.rvm/gems/ruby-2.5.1/gems/activerecord-5.2.2/lib/active_record/log_subscriber.rb:98
Processing by DrinksController#index as */*
  [1m[36mDrink Load (0.4ms)[0m  [1m[34mSELECT id, title FROM "drinks"[0m
  ↳ app/controllers/drinks_controller.rb:7
Completed 200 OK in 13ms (Views: 0.2ms | ActiveRecord: 4.2ms)


Started GET "/api/drinks/1" for 127.0.0.1 at 2019-02-26 18:57:34 -0600
Processing by DrinksController#show as */*
  Parameters: {"id"=>"1"}
  [1m[36mDrink Load (0.2ms)[0m  [1m[34mSELECT  "drinks".* FROM "drinks" WHERE "drinks"."id" = $1 LIMIT $2[0m  [["id", 1], ["LIMIT", 1]]
  ↳ app/controllers/drinks_controller.rb:12
  [1m[36mIngredient Load (0.4ms)[0m  [1m[34mSELECT "ingredients".* FROM "ingredients" WHERE "ingredients"."drink_id" = $1[0m  [["drink_id", 1]]
  ↳ app/controllers/drinks_controller.rb:13
Completed 200 OK in 19ms (Views: 0.2ms | ActiveRecord: 3.3ms)


Started GET "/api/drinks" for 127.0.0.1 at 2019-02-26 18:57:41 -0600
Processing by DrinksController#index as */*
  [1m[36mDrink Load (0.3ms)[0m  [1m[34mSELECT id, title FROM "drinks"[0m
  ↳ app/controllers/drinks_controller.rb:7
Completed 200 OK in 2ms (Views: 0.1ms | ActiveRecord: 0.3ms)


Started GET "/api/drinks/1" for 127.0.0.1 at 2019-02-26 18:57:41 -0600
Processing by DrinksController#show as */*
  Parameters: {"id"=>"1"}
  [1m[36mDrink Load (0.3ms)[0m  [1m[34mSELECT  "drinks".* FROM "drinks" WHERE "drinks"."id" = $1 LIMIT $2[0m  [["id", 1], ["LIMIT", 1]]
  ↳ app/controllers/drinks_controller.rb:12
  [1m[36mIngredient Load (0.3ms)[0m  [1m[34mSELECT "ingredients".* FROM "ingredients" WHERE "ingredients"."drink_id" = $1[0m  [["drink_id", 1]]
  ↳ app/controllers/drinks_controller.rb:13
Completed 200 OK in 3ms (Views: 0.1ms | ActiveRecord: 0.6ms)


Started GET "/api/drinks" for 127.0.0.1 at 2019-02-26 18:58:00 -0600
Processing by DrinksController#index as */*
  [1m[36mDrink Load (0.4ms)[0m  [1m[34mSELECT id, title FROM "drinks"[0m
  ↳ app/controllers/drinks_controller.rb:7
Completed 200 OK in 2ms (Views: 0.1ms | ActiveRecord: 0.4ms)


Started GET "/api/drinks/1" for 127.0.0.1 at 2019-02-26 18:58:00 -0600
Processing by DrinksController#show as */*
  Parameters: {"id"=>"1"}
  [1m[36mDrink Load (0.4ms)[0m  [1m[34mSELECT  "drinks".* FROM "drinks" WHERE "drinks"."id" = $1 LIMIT $2[0m  [["id", 1], ["LIMIT", 1]]
  ↳ app/controllers/drinks_controller.rb:12
  [1m[36mIngredient Load (0.3ms)[0m  [1m[34mSELECT "ingredients".* FROM "ingredients" WHERE "ingredients"."drink_id" = $1[0m  [["drink_id", 1]]
  ↳ app/controllers/drinks_controller.rb:13
Completed 200 OK in 4ms (Views: 0.1ms | ActiveRecord: 0.7ms)


Started GET "/api/drinks" for 127.0.0.1 at 2019-02-26 22:24:46 -0600
  [1m[35m (0.6ms)[0m  [1m[34mSELECT "schema_migrations"."version" FROM "schema_migrations" ORDER BY "schema_migrations"."version" ASC[0m
  ↳ /Users/dbacher/.rvm/gems/ruby-2.5.1/gems/activerecord-5.2.2/lib/active_record/log_subscriber.rb:98
Processing by DrinksController#index as */*
  [1m[36mDrink Load (0.9ms)[0m  [1m[34mSELECT id, title FROM "drinks"[0m
  ↳ app/controllers/drinks_controller.rb:7
Completed 200 OK in 15ms (Views: 0.1ms | ActiveRecord: 5.6ms)


Started GET "/api/drinks/1" for 127.0.0.1 at 2019-02-26 22:24:47 -0600
Processing by DrinksController#show as */*
  Parameters: {"id"=>"1"}
  [1m[36mDrink Load (0.3ms)[0m  [1m[34mSELECT  "drinks".* FROM "drinks" WHERE "drinks"."id" = $1 LIMIT $2[0m  [["id", 1], ["LIMIT", 1]]
  ↳ app/controllers/drinks_controller.rb:12
  [1m[36mIngredient Load (0.3ms)[0m  [1m[34mSELECT "ingredients".* FROM "ingredients" WHERE "ingredients"."drink_id" = $1[0m  [["drink_id", 1]]
  ↳ app/controllers/drinks_controller.rb:13
Completed 200 OK in 20ms (Views: 0.1ms | ActiveRecord: 3.3ms)


Started GET "/api/drinks" for 127.0.0.1 at 2019-02-26 22:24:58 -0600
Processing by DrinksController#index as */*
  [1m[36mDrink Load (0.3ms)[0m  [1m[34mSELECT id, title FROM "drinks"[0m
  ↳ app/controllers/drinks_controller.rb:7
Completed 200 OK in 2ms (Views: 0.1ms | ActiveRecord: 0.3ms)


Started GET "/api/drinks/1" for 127.0.0.1 at 2019-02-26 22:24:58 -0600
Processing by DrinksController#show as */*
  Parameters: {"id"=>"1"}
  [1m[36mDrink Load (0.2ms)[0m  [1m[34mSELECT  "drinks".* FROM "drinks" WHERE "drinks"."id" = $1 LIMIT $2[0m  [["id", 1], ["LIMIT", 1]]
  ↳ app/controllers/drinks_controller.rb:12
  [1m[36mIngredient Load (0.3ms)[0m  [1m[34mSELECT "ingredients".* FROM "ingredients" WHERE "ingredients"."drink_id" = $1[0m  [["drink_id", 1]]
  ↳ app/controllers/drinks_controller.rb:13
Completed 200 OK in 3ms (Views: 0.1ms | ActiveRecord: 0.5ms)


